#! /usr/bin/vvp
:ivl_version "10.3 (stable)" "(v10_3)";
:ivl_delay_selection "TYPICAL";
:vpi_time_precision + 0;
:vpi_module "system";
:vpi_module "vhdl_sys";
:vpi_module "v2005_math";
:vpi_module "va_math";
S_0x563688780a10 .scope module, "TestBench" "TestBench" 2 3;
 .timescale 0 0;
v0x5636887c31a0_0 .var "Clk", 0 0;
v0x5636887c3240_0 .var "Start", 0 0;
v0x5636887c3350_0 .var/i "counter", 31 0;
v0x5636887c33f0_0 .var/i "flush", 31 0;
v0x5636887c34d0_0 .var/i "i", 31 0;
v0x5636887c3600_0 .var/i "outfile", 31 0;
v0x5636887c36e0_0 .var/i "stall", 31 0;
S_0x563688735fe0 .scope module, "CPU" "CPU" 2 12, 3 1 0, S_0x563688780a10;
 .timescale 0 0;
    .port_info 0 /INPUT 1 "clk_i"
    .port_info 1 /INPUT 1 "start_i"
v0x5636887c2e20_0 .net *"_s16", 6 0, L_0x5636887dd1f0;  1 drivers
v0x5636887c2f00_0 .net *"_s17", 2 0, L_0x5636887dd290;  1 drivers
v0x5636887c2fe0_0 .net "clk_i", 0 0, v0x5636887c31a0_0;  1 drivers
v0x5636887c30b0_0 .net "start_i", 0 0, v0x5636887c3240_0;  1 drivers
L_0x5636887dd330 .concat [ 3 7 0 0], L_0x5636887dd290, L_0x5636887dd1f0;
S_0x56368875ba90 .scope module, "ALU" "ALU" 3 177, 4 1 0, S_0x563688735fe0;
 .timescale 0 0;
    .port_info 0 /INPUT 32 "data1_i"
    .port_info 1 /INPUT 32 "data2_i"
    .port_info 2 /INPUT 3 "ALUCtrl_i"
    .port_info 3 /OUTPUT 32 "data_o"
    .port_info 4 /NODIR 0 ""
L_0x5636887e13f0 .functor OR 32, L_0x5636887dd970, L_0x5636887de490, C4<00000000000000000000000000000000>, C4<00000000000000000000000000000000>;
L_0x5636887e2770 .functor AND 32, L_0x5636887dd970, L_0x5636887de490, C4<11111111111111111111111111111111>, C4<11111111111111111111111111111111>;
v0x56368877e660_0 .net "ALUCtrl_i", 2 0, L_0x5636887e1090;  1 drivers
v0x5636887966f0_0 .net *"_s0", 31 0, L_0x5636887e1ca0;  1 drivers
v0x56368875acc0_0 .net *"_s10", 31 0, L_0x5636887e1f70;  1 drivers
L_0x7f0ed6e7c5c0 .functor BUFT 1, C4<00000000000000000000000000000>, C4<0>, C4<0>, C4<0>;
v0x563688781920_0 .net *"_s13", 28 0, L_0x7f0ed6e7c5c0;  1 drivers
L_0x7f0ed6e7c608 .functor BUFT 1, C4<00000000000000000000000000000001>, C4<0>, C4<0>, C4<0>;
v0x563688736a10_0 .net/2u *"_s14", 31 0, L_0x7f0ed6e7c608;  1 drivers
v0x56368875ebb0_0 .net *"_s16", 0 0, L_0x5636887e2010;  1 drivers
v0x56368877ed80_0 .net *"_s19", 31 0, L_0x5636887e2150;  1 drivers
v0x5636887a8810_0 .net *"_s20", 31 0, L_0x5636887e2310;  1 drivers
L_0x7f0ed6e7c650 .functor BUFT 1, C4<00000000000000000000000000000>, C4<0>, C4<0>, C4<0>;
v0x5636887a88f0_0 .net *"_s23", 28 0, L_0x7f0ed6e7c650;  1 drivers
L_0x7f0ed6e7c698 .functor BUFT 1, C4<00000000000000000000000000000010>, C4<0>, C4<0>, C4<0>;
v0x5636887a89d0_0 .net/2u *"_s24", 31 0, L_0x7f0ed6e7c698;  1 drivers
v0x5636887a8ab0_0 .net *"_s26", 0 0, L_0x5636887e23b0;  1 drivers
v0x5636887a8b70_0 .net *"_s28", 31 0, L_0x5636887e24f0;  1 drivers
L_0x7f0ed6e7c530 .functor BUFT 1, C4<00000000000000000000000000000>, C4<0>, C4<0>, C4<0>;
v0x5636887a8c50_0 .net *"_s3", 28 0, L_0x7f0ed6e7c530;  1 drivers
v0x5636887a8d30_0 .net *"_s30", 31 0, L_0x5636887e2590;  1 drivers
L_0x7f0ed6e7c6e0 .functor BUFT 1, C4<00000000000000000000000000000>, C4<0>, C4<0>, C4<0>;
v0x5636887a8e10_0 .net *"_s33", 28 0, L_0x7f0ed6e7c6e0;  1 drivers
L_0x7f0ed6e7c728 .functor BUFT 1, C4<00000000000000000000000000000110>, C4<0>, C4<0>, C4<0>;
v0x5636887a8ef0_0 .net/2u *"_s34", 31 0, L_0x7f0ed6e7c728;  1 drivers
v0x5636887a8fd0_0 .net *"_s36", 0 0, L_0x5636887e2630;  1 drivers
v0x5636887a9090_0 .net *"_s38", 31 0, L_0x5636887e13f0;  1 drivers
L_0x7f0ed6e7c578 .functor BUFT 1, C4<00000000000000000000000000000000>, C4<0>, C4<0>, C4<0>;
v0x5636887a9170_0 .net/2u *"_s4", 31 0, L_0x7f0ed6e7c578;  1 drivers
v0x5636887a9250_0 .net *"_s40", 31 0, L_0x5636887e2770;  1 drivers
v0x5636887a9330_0 .net *"_s42", 31 0, L_0x5636887e27e0;  1 drivers
v0x5636887a9410_0 .net *"_s44", 31 0, L_0x5636887e29e0;  1 drivers
v0x5636887a94f0_0 .net *"_s46", 31 0, L_0x5636887e2b70;  1 drivers
v0x5636887a95d0_0 .net *"_s6", 0 0, L_0x5636887e1d90;  1 drivers
v0x5636887a9690_0 .net *"_s8", 31 0, L_0x5636887e1ed0;  1 drivers
v0x5636887a9770_0 .net "data1_i", 31 0, L_0x5636887dd970;  1 drivers
v0x5636887a9850_0 .net "data2_i", 31 0, L_0x5636887de490;  1 drivers
v0x5636887a9930_0 .net "data_o", 31 0, L_0x5636887e2d80;  1 drivers
L_0x5636887e1ca0 .concat [ 3 29 0 0], L_0x5636887e1090, L_0x7f0ed6e7c530;
L_0x5636887e1d90 .cmp/eq 32, L_0x5636887e1ca0, L_0x7f0ed6e7c578;
L_0x5636887e1ed0 .arith/sum 32, L_0x5636887dd970, L_0x5636887de490;
L_0x5636887e1f70 .concat [ 3 29 0 0], L_0x5636887e1090, L_0x7f0ed6e7c5c0;
L_0x5636887e2010 .cmp/eq 32, L_0x5636887e1f70, L_0x7f0ed6e7c608;
L_0x5636887e2150 .arith/mult 32, L_0x5636887dd970, L_0x5636887de490;
L_0x5636887e2310 .concat [ 3 29 0 0], L_0x5636887e1090, L_0x7f0ed6e7c650;
L_0x5636887e23b0 .cmp/eq 32, L_0x5636887e2310, L_0x7f0ed6e7c698;
L_0x5636887e24f0 .arith/sub 32, L_0x5636887dd970, L_0x5636887de490;
L_0x5636887e2590 .concat [ 3 29 0 0], L_0x5636887e1090, L_0x7f0ed6e7c6e0;
L_0x5636887e2630 .cmp/eq 32, L_0x5636887e2590, L_0x7f0ed6e7c728;
L_0x5636887e27e0 .functor MUXZ 32, L_0x5636887e2770, L_0x5636887e13f0, L_0x5636887e2630, C4<>;
L_0x5636887e29e0 .functor MUXZ 32, L_0x5636887e27e0, L_0x5636887e24f0, L_0x5636887e23b0, C4<>;
L_0x5636887e2b70 .functor MUXZ 32, L_0x5636887e29e0, L_0x5636887e2150, L_0x5636887e2010, C4<>;
L_0x5636887e2d80 .functor MUXZ 32, L_0x5636887e2b70, L_0x5636887e1ed0, L_0x5636887e1d90, C4<>;
S_0x5636887a9a90 .scope module, "ALU_Control" "ALU_Control" 3 171, 5 1 0, S_0x563688735fe0;
 .timescale 0 0;
    .port_info 0 /INPUT 10 "funct_i"
    .port_info 1 /INPUT 2 "ALUOp_i"
    .port_info 2 /OUTPUT 3 "ALUCtrl_o"
v0x5636887a9c80_0 .net "ALUCtrl_o", 2 0, L_0x5636887e1090;  alias, 1 drivers
v0x5636887a9d60_0 .net "ALUOp_i", 1 0, L_0x5636887dc600;  1 drivers
L_0x7f0ed6e7c380 .functor BUFT 1, C4<00>, C4<0>, C4<0>, C4<0>;
v0x5636887a9e20_0 .net/2u *"_s10", 1 0, L_0x7f0ed6e7c380;  1 drivers
v0x5636887a9ee0_0 .net *"_s13", 0 0, L_0x5636887e0970;  1 drivers
L_0x7f0ed6e7c3c8 .functor BUFT 1, C4<01>, C4<0>, C4<0>, C4<0>;
v0x5636887a9fc0_0 .net/2u *"_s14", 1 0, L_0x7f0ed6e7c3c8;  1 drivers
v0x5636887aa0f0_0 .net *"_s17", 0 0, L_0x5636887e0aa0;  1 drivers
v0x5636887aa1d0_0 .net *"_s18", 1 0, L_0x5636887e0b40;  1 drivers
L_0x7f0ed6e7c410 .functor BUFT 1, C4<0>, C4<0>, C4<0>, C4<0>;
v0x5636887aa2b0_0 .net *"_s21", 0 0, L_0x7f0ed6e7c410;  1 drivers
v0x5636887aa390_0 .net *"_s22", 1 0, L_0x5636887e0c30;  1 drivers
v0x5636887aa470_0 .net *"_s24", 1 0, L_0x5636887e0dc0;  1 drivers
v0x5636887aa550_0 .net *"_s27", 0 0, L_0x5636887e0fa0;  1 drivers
v0x5636887aa630_0 .net *"_s3", 0 0, L_0x5636887e0740;  1 drivers
v0x5636887aa710_0 .net *"_s32", 0 0, L_0x5636887e1220;  1 drivers
v0x5636887aa7f0_0 .net *"_s34", 0 0, L_0x5636887e1350;  1 drivers
L_0x7f0ed6e7c458 .functor BUFT 1, C4<00>, C4<0>, C4<0>, C4<0>;
v0x5636887aa8b0_0 .net/2u *"_s35", 1 0, L_0x7f0ed6e7c458;  1 drivers
v0x5636887aa990_0 .net *"_s38", 0 0, L_0x5636887e1460;  1 drivers
L_0x7f0ed6e7c4a0 .functor BUFT 1, C4<01>, C4<0>, C4<0>, C4<0>;
v0x5636887aaa70_0 .net/2u *"_s39", 1 0, L_0x7f0ed6e7c4a0;  1 drivers
v0x5636887aab50_0 .net *"_s42", 0 0, L_0x5636887e1500;  1 drivers
v0x5636887aac30_0 .net *"_s43", 1 0, L_0x5636887e1620;  1 drivers
L_0x7f0ed6e7c4e8 .functor BUFT 1, C4<0>, C4<0>, C4<0>, C4<0>;
v0x5636887aad10_0 .net *"_s46", 0 0, L_0x7f0ed6e7c4e8;  1 drivers
v0x5636887aadf0_0 .net *"_s47", 1 0, L_0x5636887e1710;  1 drivers
v0x5636887aaed0_0 .net *"_s49", 1 0, L_0x5636887e1930;  1 drivers
v0x5636887aafb0_0 .net *"_s52", 0 0, L_0x5636887e1ac0;  1 drivers
v0x5636887ab090_0 .net *"_s7", 0 0, L_0x5636887e07e0;  1 drivers
v0x5636887ab170_0 .net *"_s9", 0 0, L_0x5636887e0880;  1 drivers
v0x5636887ab230_0 .net "funct_i", 9 0, v0x5636887afb20_0;  1 drivers
L_0x5636887e0740 .part v0x5636887afb20_0, 2, 1;
L_0x5636887e07e0 .part L_0x5636887dc600, 0, 1;
L_0x5636887e0880 .reduce/nor L_0x5636887e07e0;
L_0x5636887e0970 .part v0x5636887afb20_0, 8, 1;
L_0x5636887e0aa0 .part v0x5636887afb20_0, 1, 1;
L_0x5636887e0b40 .concat [ 1 1 0 0], L_0x5636887e0aa0, L_0x7f0ed6e7c410;
L_0x5636887e0c30 .functor MUXZ 2, L_0x5636887e0b40, L_0x7f0ed6e7c3c8, L_0x5636887e0970, C4<>;
L_0x5636887e0dc0 .functor MUXZ 2, L_0x5636887e0c30, L_0x7f0ed6e7c380, L_0x5636887e0880, C4<>;
L_0x5636887e0fa0 .part L_0x5636887e0dc0, 0, 1;
L_0x5636887e1090 .concat8 [ 1 1 1 0], L_0x5636887e1ac0, L_0x5636887e0fa0, L_0x5636887e0740;
L_0x5636887e1220 .part L_0x5636887dc600, 0, 1;
L_0x5636887e1350 .reduce/nor L_0x5636887e1220;
L_0x5636887e1460 .part v0x5636887afb20_0, 3, 1;
L_0x5636887e1500 .part v0x5636887afb20_0, 0, 1;
L_0x5636887e1620 .concat [ 1 1 0 0], L_0x5636887e1500, L_0x7f0ed6e7c4e8;
L_0x5636887e1710 .functor MUXZ 2, L_0x5636887e1620, L_0x7f0ed6e7c4a0, L_0x5636887e1460, C4<>;
L_0x5636887e1930 .functor MUXZ 2, L_0x5636887e1710, L_0x7f0ed6e7c458, L_0x5636887e1350, C4<>;
L_0x5636887e1ac0 .part L_0x5636887e1930, 0, 1;
S_0x5636887ab390 .scope module, "ALU_MUX" "MUX32" 3 153, 6 1 0, S_0x563688735fe0;
 .timescale 0 0;
    .port_info 0 /INPUT 32 "data1_i"
    .port_info 1 /INPUT 32 "data2_i"
    .port_info 2 /INPUT 1 "select_i"
    .port_info 3 /OUTPUT 32 "data_o"
v0x5636887ab510_0 .net *"_s0", 31 0, L_0x5636887de260;  1 drivers
L_0x7f0ed6e7bf00 .functor BUFT 1, C4<0000000000000000000000000000000>, C4<0>, C4<0>, C4<0>;
v0x5636887ab5d0_0 .net *"_s3", 30 0, L_0x7f0ed6e7bf00;  1 drivers
L_0x7f0ed6e7bf48 .functor BUFT 1, C4<00000000000000000000000000000001>, C4<0>, C4<0>, C4<0>;
v0x5636887ab6b0_0 .net/2u *"_s4", 31 0, L_0x7f0ed6e7bf48;  1 drivers
v0x5636887ab770_0 .net *"_s6", 0 0, L_0x5636887de350;  1 drivers
v0x5636887ab830_0 .net "data1_i", 31 0, L_0x5636887de0e0;  1 drivers
v0x5636887ab960_0 .net "data2_i", 31 0, v0x5636887ae4d0_0;  1 drivers
v0x5636887aba40_0 .net "data_o", 31 0, L_0x5636887de490;  alias, 1 drivers
v0x5636887abb00_0 .net "select_i", 0 0, L_0x5636887dc510;  1 drivers
L_0x5636887de260 .concat [ 1 31 0 0], L_0x5636887dc510, L_0x7f0ed6e7bf00;
L_0x5636887de350 .cmp/eq 32, L_0x5636887de260, L_0x7f0ed6e7bf48;
L_0x5636887de490 .functor MUXZ 32, L_0x5636887de0e0, v0x5636887ae4d0_0, L_0x5636887de350, C4<>;
S_0x5636887abc20 .scope module, "Add_PC" "Adder" 3 31, 7 1 0, S_0x563688735fe0;
 .timescale 0 0;
    .port_info 0 /INPUT 32 "data1_in"
    .port_info 1 /INPUT 32 "data2_in"
    .port_info 2 /OUTPUT 32 "data_o"
v0x5636887abe60_0 .net "data1_in", 31 0, v0x5636887b51f0_0;  1 drivers
L_0x7f0ed6e7b0f0 .functor BUFT 1, C4<00000000000000000000000000000100>, C4<0>, C4<0>, C4<0>;
v0x5636887abf60_0 .net "data2_in", 31 0, L_0x7f0ed6e7b0f0;  1 drivers
v0x5636887ac040_0 .net "data_o", 31 0, L_0x5636887d4020;  1 drivers
L_0x5636887d4020 .arith/sum 32, v0x5636887b51f0_0, L_0x7f0ed6e7b0f0;
S_0x5636887ac180 .scope module, "Data_Memory" "Data_Memory" 3 202, 8 1 0, S_0x563688735fe0;
 .timescale 0 0;
    .port_info 0 /INPUT 1 "clk_i"
    .port_info 1 /INPUT 32 "addr_i"
    .port_info 2 /INPUT 1 "MemWrite_i"
    .port_info 3 /INPUT 32 "data_i"
    .port_info 4 /OUTPUT 32 "data_o"
v0x5636887ac3c0_0 .net "MemWrite_i", 0 0, v0x5636887ad010_0;  1 drivers
v0x5636887ac4a0_0 .net *"_s0", 31 0, L_0x5636887e31c0;  1 drivers
v0x5636887ac580_0 .net "addr_i", 31 0, v0x5636887acd50_0;  1 drivers
v0x5636887ac640_0 .net "clk_i", 0 0, v0x5636887c31a0_0;  alias, 1 drivers
v0x5636887ac700_0 .net "data_i", 31 0, v0x5636887ad580_0;  1 drivers
v0x5636887ac830_0 .net "data_o", 31 0, L_0x5636887e3260;  1 drivers
v0x5636887ac910 .array "memory", 1023 0, 31 0;
E_0x5636886d97a0 .event posedge, v0x5636887ac640_0;
L_0x5636887e31c0 .array/port v0x5636887ac910, v0x5636887acd50_0;
L_0x5636887e3260 .functor MUXZ 32, L_0x5636887e31c0, v0x5636887ad580_0, v0x5636887ad010_0, C4<>;
S_0x5636887aca70 .scope module, "EX_MEM" "EX_MEM" 3 186, 9 1 0, S_0x563688735fe0;
 .timescale 0 0;
    .port_info 0 /INPUT 1 "clk_i"
    .port_info 1 /INPUT 1 "MEM_i"
    .port_info 2 /INPUT 2 "WB_i"
    .port_info 3 /INPUT 32 "ALUout_i"
    .port_info 4 /INPUT 32 "RS2_i"
    .port_info 5 /INPUT 5 "RDaddr_i"
    .port_info 6 /OUTPUT 2 "WB_o"
    .port_info 7 /OUTPUT 1 "MEMW_o"
    .port_info 8 /OUTPUT 32 "ALUout_o"
    .port_info 9 /OUTPUT 32 "RS2_o"
    .port_info 10 /OUTPUT 5 "RDaddr_o"
v0x5636887acd50_0 .var "ALUout", 31 0;
v0x5636887ace50_0 .net "ALUout_i", 31 0, L_0x5636887e2d80;  alias, 1 drivers
v0x5636887acf10_0 .net "ALUout_o", 31 0, v0x5636887acd50_0;  alias, 1 drivers
v0x5636887ad010_0 .var "MEM", 0 0;
o0x7f0ed73e70f8 .functor BUFZ 1, C4<z>; HiZ drive
v0x5636887ad0b0_0 .net "MEMR_o", 0 0, o0x7f0ed73e70f8;  0 drivers
v0x5636887ad1a0_0 .net "MEMW_o", 0 0, v0x5636887ad010_0;  alias, 1 drivers
v0x5636887ad240_0 .net "MEM_i", 0 0, L_0x5636887dc450;  1 drivers
v0x5636887ad2e0_0 .var "RDaddr", 4 0;
v0x5636887ad3c0_0 .net "RDaddr_i", 4 0, v0x5636887ae9d0_0;  1 drivers
v0x5636887ad4a0_0 .net "RDaddr_o", 4 0, v0x5636887ad2e0_0;  1 drivers
v0x5636887ad580_0 .var "RS2", 31 0;
v0x5636887ad660_0 .net "RS2_i", 31 0, L_0x5636887de0e0;  alias, 1 drivers
v0x5636887ad750_0 .net "RS2_o", 31 0, v0x5636887ad580_0;  alias, 1 drivers
v0x5636887ad820_0 .var "WB", 1 0;
v0x5636887ad8e0_0 .net "WB_i", 1 0, v0x5636887af7d0_0;  1 drivers
v0x5636887ad9c0_0 .net "WB_o", 1 0, v0x5636887ad820_0;  1 drivers
v0x5636887adaa0_0 .net "clk_i", 0 0, v0x5636887c31a0_0;  alias, 1 drivers
L_0x5636887e0650 .part v0x5636887ad820_0, 1, 1;
S_0x5636887addc0 .scope module, "ID_EX" "ID_EX" 3 110, 10 1 0, S_0x563688735fe0;
 .timescale 0 0;
    .port_info 0 /INPUT 1 "clk_i"
    .port_info 1 /INPUT 2 "WB_i"
    .port_info 2 /INPUT 1 "MEM_i"
    .port_info 3 /INPUT 3 "EX_i"
    .port_info 4 /INPUT 32 "RS1_i"
    .port_info 5 /INPUT 32 "RS2_i"
    .port_info 6 /INPUT 32 "IMM_i"
    .port_info 7 /INPUT 5 "RS1addr_i"
    .port_info 8 /INPUT 5 "RS2addr_i"
    .port_info 9 /INPUT 5 "RDaddr_i"
    .port_info 10 /INPUT 10 "funct_i"
    .port_info 11 /OUTPUT 2 "WB_o"
    .port_info 12 /OUTPUT 1 "MEM_o"
    .port_info 13 /OUTPUT 1 "ALUSrc_o"
    .port_info 14 /OUTPUT 2 "ALUOp_o"
    .port_info 15 /OUTPUT 32 "RS1_o"
    .port_info 16 /OUTPUT 32 "RS2_o"
    .port_info 17 /OUTPUT 32 "IMM_o"
    .port_info 18 /OUTPUT 5 "RS1addr_o"
    .port_info 19 /OUTPUT 5 "RS2addr_o"
    .port_info 20 /OUTPUT 5 "RDaddr_o"
    .port_info 21 /OUTPUT 10 "funct_o"
L_0x5636887dc450 .functor BUFZ 1, v0x5636887ae7a0_0, C4<0>, C4<0>, C4<0>;
v0x5636887ae160_0 .net "ALUOp_o", 1 0, L_0x5636887dc600;  alias, 1 drivers
v0x5636887ae270_0 .net "ALUSrc_o", 0 0, L_0x5636887dc510;  alias, 1 drivers
v0x5636887ae340_0 .var "EX", 2 0;
v0x5636887ae410_0 .net "EX_i", 2 0, L_0x5636887dce50;  1 drivers
v0x5636887ae4d0_0 .var "IMM", 31 0;
v0x5636887ae600_0 .net "IMM_i", 31 0, L_0x5636887da660;  1 drivers
v0x5636887ae6e0_0 .net "IMM_o", 31 0, v0x5636887ae4d0_0;  alias, 1 drivers
v0x5636887ae7a0_0 .var "MEM", 0 0;
v0x5636887ae840_0 .net "MEM_i", 0 0, L_0x5636887dcdb0;  1 drivers
v0x5636887ae900_0 .net "MEM_o", 0 0, L_0x5636887dc450;  alias, 1 drivers
v0x5636887ae9d0_0 .var "RD_addr", 4 0;
v0x5636887aea90_0 .net "RDaddr_i", 4 0, L_0x5636887dd100;  1 drivers
v0x5636887aeb70_0 .net "RDaddr_o", 4 0, v0x5636887ae9d0_0;  alias, 1 drivers
v0x5636887aec60_0 .var "RS1", 31 0;
v0x5636887aed20_0 .var "RS1_addr", 4 0;
v0x5636887aee00_0 .net "RS1_i", 31 0, L_0x5636887db6b0;  1 drivers
v0x5636887aeee0_0 .net "RS1_o", 31 0, v0x5636887aec60_0;  1 drivers
v0x5636887af0d0_0 .net "RS1addr_i", 4 0, L_0x5636887dcf80;  1 drivers
v0x5636887af1b0_0 .net "RS1addr_o", 4 0, v0x5636887aed20_0;  1 drivers
v0x5636887af290_0 .var "RS2", 31 0;
v0x5636887af370_0 .var "RS2_addr", 4 0;
v0x5636887af450_0 .net "RS2_i", 31 0, L_0x5636887dbea0;  1 drivers
v0x5636887af530_0 .net "RS2_o", 31 0, v0x5636887af290_0;  1 drivers
v0x5636887af610_0 .net "RS2addr_i", 4 0, L_0x5636887dd060;  1 drivers
v0x5636887af6f0_0 .net "RS2addr_o", 4 0, v0x5636887af370_0;  1 drivers
v0x5636887af7d0_0 .var "WB", 1 0;
v0x5636887af8b0_0 .net "WB_i", 1 0, L_0x5636887dccc0;  1 drivers
v0x5636887af990_0 .net "WB_o", 1 0, v0x5636887af7d0_0;  alias, 1 drivers
v0x5636887afa80_0 .net "clk_i", 0 0, v0x5636887c31a0_0;  alias, 1 drivers
v0x5636887afb20_0 .var "funct", 9 0;
v0x5636887afbe0_0 .net "funct_i", 9 0, L_0x5636887dd330;  1 drivers
v0x5636887afcc0_0 .net "funct_o", 9 0, v0x5636887afb20_0;  alias, 1 drivers
L_0x5636887d6370 .part v0x5636887af7d0_0, 0, 1;
L_0x5636887dc510 .part v0x5636887ae340_0, 0, 1;
L_0x5636887dc600 .part v0x5636887ae340_0, 1, 2;
S_0x5636887b0020 .scope module, "IF_ID" "IF_ID" 3 39, 11 1 0, S_0x563688735fe0;
 .timescale 0 0;
    .port_info 0 /INPUT 1 "clk_i"
    .port_info 1 /INPUT 1 "IF_flush"
    .port_info 2 /INPUT 1 "IF_IDWrite"
    .port_info 3 /INPUT 32 "PC_i"
    .port_info 4 /INPUT 32 "instr_i"
    .port_info 5 /OUTPUT 32 "PC_o"
    .port_info 6 /OUTPUT 32 "instr_o"
v0x5636887b02a0_0 .net "IF_IDWrite", 0 0, L_0x5636887d5710;  1 drivers
v0x5636887b0380_0 .net "IF_flush", 0 0, L_0x5636887d69d0;  1 drivers
v0x5636887b0440_0 .var "PC", 31 0;
v0x5636887b0530_0 .net "PC_i", 31 0, v0x5636887b51f0_0;  alias, 1 drivers
v0x5636887b0620_0 .net "PC_o", 31 0, v0x5636887b0440_0;  1 drivers
v0x5636887b0730_0 .net "clk_i", 0 0, v0x5636887c31a0_0;  alias, 1 drivers
v0x5636887b07d0_0 .net "instr_i", 31 0, L_0x5636887d3f10;  1 drivers
v0x5636887b08b0_0 .net "instr_o", 31 0, v0x5636887b0990_0;  1 drivers
v0x5636887b0990_0 .var "instruction", 31 0;
L_0x5636887d6410 .part v0x5636887b0990_0, 15, 5;
L_0x5636887d64b0 .part v0x5636887b0990_0, 20, 5;
L_0x5636887d8e80 .part v0x5636887b0990_0, 0, 7;
L_0x5636887dc090 .part v0x5636887b0990_0, 15, 5;
L_0x5636887dc340 .part v0x5636887b0990_0, 20, 5;
L_0x5636887dcf80 .part v0x5636887b0990_0, 15, 5;
L_0x5636887dd060 .part v0x5636887b0990_0, 20, 5;
L_0x5636887dd100 .part v0x5636887b0990_0, 7, 5;
L_0x5636887dd1f0 .part v0x5636887b0990_0, 25, 7;
L_0x5636887dd290 .part v0x5636887b0990_0, 12, 3;
S_0x5636887b0b50 .scope module, "IMM_gen" "Sign_Extend" 3 73, 12 1 0, S_0x563688735fe0;
 .timescale 0 0;
    .port_info 0 /INPUT 32 "data_i"
    .port_info 1 /OUTPUT 32 "data_o"
v0x5636887b0d80_0 .net *"_s10", 0 0, L_0x5636887d9540;  1 drivers
v0x5636887b0e60_0 .net *"_s13", 11 0, L_0x5636887d9680;  1 drivers
v0x5636887b0f40_0 .net *"_s15", 0 0, L_0x5636887d9720;  1 drivers
v0x5636887b1000_0 .net *"_s16", 31 0, L_0x5636887d97c0;  1 drivers
L_0x7f0ed6e7b9a8 .functor BUFT 1, C4<0000000000000000000000000000000>, C4<0>, C4<0>, C4<0>;
v0x5636887b10e0_0 .net *"_s19", 30 0, L_0x7f0ed6e7b9a8;  1 drivers
L_0x7f0ed6e7b9f0 .functor BUFT 1, C4<00000000000000000000000000000000>, C4<0>, C4<0>, C4<0>;
v0x5636887b11c0_0 .net/2u *"_s20", 31 0, L_0x7f0ed6e7b9f0;  1 drivers
v0x5636887b12a0_0 .net *"_s22", 0 0, L_0x5636887d9940;  1 drivers
v0x5636887b1360_0 .net *"_s25", 6 0, L_0x5636887d9a80;  1 drivers
v0x5636887b1440_0 .net *"_s27", 4 0, L_0x5636887d9b70;  1 drivers
v0x5636887b15b0_0 .net *"_s28", 11 0, L_0x5636887d9c10;  1 drivers
v0x5636887b1690_0 .net *"_s3", 0 0, L_0x5636887d9150;  1 drivers
v0x5636887b1770_0 .net *"_s31", 0 0, L_0x5636887d9db0;  1 drivers
v0x5636887b1850_0 .net *"_s33", 0 0, L_0x5636887d9e50;  1 drivers
v0x5636887b1930_0 .net *"_s35", 5 0, L_0x5636887d9f60;  1 drivers
v0x5636887b1a10_0 .net *"_s37", 3 0, L_0x5636887da000;  1 drivers
v0x5636887b1af0_0 .net *"_s38", 11 0, L_0x5636887da120;  1 drivers
v0x5636887b1bd0_0 .net *"_s4", 31 0, L_0x5636887d91f0;  1 drivers
v0x5636887b1dc0_0 .net *"_s40", 11 0, L_0x5636887da2b0;  1 drivers
v0x5636887b1ea0_0 .net *"_s42", 11 0, L_0x5636887da4d0;  1 drivers
v0x5636887b1f80_0 .net *"_s48", 0 0, L_0x5636887da7a0;  1 drivers
v0x5636887b2060_0 .net *"_s49", 19 0, L_0x5636887da840;  1 drivers
L_0x7f0ed6e7b918 .functor BUFT 1, C4<0000000000000000000000000000000>, C4<0>, C4<0>, C4<0>;
v0x5636887b2140_0 .net *"_s7", 30 0, L_0x7f0ed6e7b918;  1 drivers
L_0x7f0ed6e7b960 .functor BUFT 1, C4<00000000000000000000000000000000>, C4<0>, C4<0>, C4<0>;
v0x5636887b2220_0 .net/2u *"_s8", 31 0, L_0x7f0ed6e7b960;  1 drivers
v0x5636887b2300_0 .net "data_i", 31 0, v0x5636887b0990_0;  alias, 1 drivers
v0x5636887b23c0_0 .net "data_o", 31 0, L_0x5636887da660;  alias, 1 drivers
L_0x5636887d9150 .part v0x5636887b0990_0, 5, 1;
L_0x5636887d91f0 .concat [ 1 31 0 0], L_0x5636887d9150, L_0x7f0ed6e7b918;
L_0x5636887d9540 .cmp/eq 32, L_0x5636887d91f0, L_0x7f0ed6e7b960;
L_0x5636887d9680 .part v0x5636887b0990_0, 20, 12;
L_0x5636887d9720 .part v0x5636887b0990_0, 6, 1;
L_0x5636887d97c0 .concat [ 1 31 0 0], L_0x5636887d9720, L_0x7f0ed6e7b9a8;
L_0x5636887d9940 .cmp/eq 32, L_0x5636887d97c0, L_0x7f0ed6e7b9f0;
L_0x5636887d9a80 .part v0x5636887b0990_0, 25, 7;
L_0x5636887d9b70 .part v0x5636887b0990_0, 7, 5;
L_0x5636887d9c10 .concat [ 5 7 0 0], L_0x5636887d9b70, L_0x5636887d9a80;
L_0x5636887d9db0 .part v0x5636887b0990_0, 31, 1;
L_0x5636887d9e50 .part v0x5636887b0990_0, 7, 1;
L_0x5636887d9f60 .part v0x5636887b0990_0, 25, 6;
L_0x5636887da000 .part v0x5636887b0990_0, 8, 4;
L_0x5636887da120 .concat [ 4 6 1 1], L_0x5636887da000, L_0x5636887d9f60, L_0x5636887d9e50, L_0x5636887d9db0;
L_0x5636887da2b0 .functor MUXZ 12, L_0x5636887da120, L_0x5636887d9c10, L_0x5636887d9940, C4<>;
L_0x5636887da4d0 .functor MUXZ 12, L_0x5636887da2b0, L_0x5636887d9680, L_0x5636887d9540, C4<>;
L_0x5636887da660 .concat8 [ 12 20 0 0], L_0x5636887da4d0, L_0x5636887da840;
L_0x5636887da7a0 .part v0x5636887b0990_0, 31, 1;
LS_0x5636887da840_0_0 .concat [ 1 1 1 1], L_0x5636887da7a0, L_0x5636887da7a0, L_0x5636887da7a0, L_0x5636887da7a0;
LS_0x5636887da840_0_4 .concat [ 1 1 1 1], L_0x5636887da7a0, L_0x5636887da7a0, L_0x5636887da7a0, L_0x5636887da7a0;
LS_0x5636887da840_0_8 .concat [ 1 1 1 1], L_0x5636887da7a0, L_0x5636887da7a0, L_0x5636887da7a0, L_0x5636887da7a0;
LS_0x5636887da840_0_12 .concat [ 1 1 1 1], L_0x5636887da7a0, L_0x5636887da7a0, L_0x5636887da7a0, L_0x5636887da7a0;
LS_0x5636887da840_0_16 .concat [ 1 1 1 1], L_0x5636887da7a0, L_0x5636887da7a0, L_0x5636887da7a0, L_0x5636887da7a0;
LS_0x5636887da840_1_0 .concat [ 4 4 4 4], LS_0x5636887da840_0_0, LS_0x5636887da840_0_4, LS_0x5636887da840_0_8, LS_0x5636887da840_0_12;
LS_0x5636887da840_1_4 .concat [ 4 0 0 0], LS_0x5636887da840_0_16;
L_0x5636887da840 .concat [ 16 4 0 0], LS_0x5636887da840_1_0, LS_0x5636887da840_1_4;
S_0x5636887b24d0 .scope module, "Instruction_Memory" "Instruction_Memory" 3 26, 13 1 0, S_0x563688735fe0;
 .timescale 0 0;
    .port_info 0 /INPUT 32 "addr_i"
    .port_info 1 /OUTPUT 32 "instr_o"
L_0x5636887d3f10 .functor BUFZ 32, L_0x5636887d3c90, C4<00000000000000000000000000000000>, C4<00000000000000000000000000000000>, C4<00000000000000000000000000000000>;
v0x5636887b2650_0 .net *"_s0", 31 0, L_0x5636887d3c90;  1 drivers
v0x5636887b2750_0 .net *"_s2", 31 0, L_0x5636887d3dd0;  1 drivers
v0x5636887b2830_0 .net *"_s4", 29 0, L_0x5636887d3d30;  1 drivers
L_0x7f0ed6e7b0a8 .functor BUFT 1, C4<00>, C4<0>, C4<0>, C4<0>;
v0x5636887b2920_0 .net *"_s6", 1 0, L_0x7f0ed6e7b0a8;  1 drivers
v0x5636887b2a00_0 .net "addr_i", 31 0, v0x5636887b51f0_0;  alias, 1 drivers
v0x5636887b2b60_0 .net "instr_o", 31 0, L_0x5636887d3f10;  alias, 1 drivers
v0x5636887b2c20 .array "memory", 255 0, 31 0;
L_0x5636887d3c90 .array/port v0x5636887b2c20, L_0x5636887d3dd0;
L_0x5636887d3d30 .part v0x5636887b51f0_0, 2, 30;
L_0x5636887d3dd0 .concat [ 30 2 0 0], L_0x5636887d3d30, L_0x7f0ed6e7b0a8;
S_0x5636887b2d20 .scope module, "MEM_WB" "MEM_WB" 3 212, 14 1 0, S_0x563688735fe0;
 .timescale 0 0;
    .port_info 0 /INPUT 1 "clk_i"
    .port_info 1 /INPUT 2 "WB_i"
    .port_info 2 /INPUT 32 "Data_i"
    .port_info 3 /INPUT 32 "ALUout_i"
    .port_info 4 /INPUT 5 "RDaddr_i"
    .port_info 5 /OUTPUT 1 "RegWrite_o"
    .port_info 6 /OUTPUT 1 "MemtoReg_o"
    .port_info 7 /OUTPUT 32 "Data_o"
    .port_info 8 /OUTPUT 32 "ALUout_o"
    .port_info 9 /OUTPUT 5 "RDaddr_o"
v0x5636887b2ff0_0 .var "ALUout", 31 0;
v0x5636887b30d0_0 .net "ALUout_i", 31 0, v0x5636887acd50_0;  alias, 1 drivers
v0x5636887b31e0_0 .net "ALUout_o", 31 0, v0x5636887b2ff0_0;  1 drivers
v0x5636887b32a0_0 .var "Data", 31 0;
v0x5636887b3380_0 .net "Data_i", 31 0, L_0x5636887e3260;  alias, 1 drivers
v0x5636887b3490_0 .net "Data_o", 31 0, v0x5636887b32a0_0;  1 drivers
v0x5636887b3550_0 .net "MemtoReg_o", 0 0, L_0x5636887e3440;  1 drivers
v0x5636887b3610_0 .var "RDaddr", 4 0;
v0x5636887b36f0_0 .net "RDaddr_i", 4 0, v0x5636887ad2e0_0;  alias, 1 drivers
v0x5636887b37b0_0 .net "RDaddr_o", 4 0, v0x5636887b3610_0;  1 drivers
v0x5636887b3870_0 .net "RegWrite_o", 0 0, L_0x5636887e33a0;  1 drivers
v0x5636887b3930_0 .var "WB", 1 0;
v0x5636887b3a10_0 .net "WB_i", 1 0, v0x5636887ad820_0;  alias, 1 drivers
v0x5636887b3b00_0 .net "clk_i", 0 0, v0x5636887c31a0_0;  alias, 1 drivers
L_0x5636887e33a0 .part v0x5636887b3930_0, 1, 1;
L_0x5636887e3440 .part v0x5636887b3930_0, 0, 1;
S_0x5636887b3d50 .scope module, "MUX_Control" "MUX6" 3 84, 15 1 0, S_0x563688735fe0;
 .timescale 0 0;
    .port_info 0 /INPUT 6 "data1_i"
    .port_info 1 /INPUT 6 "data2_i"
    .port_info 2 /INPUT 1 "select_i"
    .port_info 3 /OUTPUT 6 "data_o"
v0x5636887b3f00_0 .net "data1_i", 5 0, L_0x5636887d84b0;  1 drivers
L_0x7f0ed6e7bac8 .functor BUFT 1, C4<000000>, C4<0>, C4<0>, C4<0>;
v0x5636887b4000_0 .net "data2_i", 5 0, L_0x7f0ed6e7bac8;  1 drivers
v0x5636887b40e0_0 .net "data_o", 5 0, L_0x5636887daf80;  1 drivers
v0x5636887b41d0_0 .net "select_i", 0 0, L_0x5636887d6190;  1 drivers
L_0x5636887daf80 .functor MUXZ 6, L_0x5636887d84b0, L_0x7f0ed6e7bac8, L_0x5636887d6190, C4<>;
L_0x5636887dccc0 .part L_0x5636887daf80, 0, 2;
L_0x5636887dcdb0 .part L_0x5636887daf80, 2, 1;
L_0x5636887dce50 .part L_0x5636887daf80, 3, 3;
S_0x5636887b4340 .scope module, "MemtoReg" "MUX32" 3 227, 6 1 0, S_0x563688735fe0;
 .timescale 0 0;
    .port_info 0 /INPUT 32 "data1_i"
    .port_info 1 /INPUT 32 "data2_i"
    .port_info 2 /INPUT 1 "select_i"
    .port_info 3 /OUTPUT 32 "data_o"
v0x5636887b4530_0 .net *"_s0", 31 0, L_0x5636887e3770;  1 drivers
L_0x7f0ed6e7c770 .functor BUFT 1, C4<0000000000000000000000000000000>, C4<0>, C4<0>, C4<0>;
v0x5636887b4630_0 .net *"_s3", 30 0, L_0x7f0ed6e7c770;  1 drivers
L_0x7f0ed6e7c7b8 .functor BUFT 1, C4<00000000000000000000000000000001>, C4<0>, C4<0>, C4<0>;
v0x5636887b4710_0 .net/2u *"_s4", 31 0, L_0x7f0ed6e7c7b8;  1 drivers
v0x5636887b4800_0 .net *"_s6", 0 0, L_0x5636887e3860;  1 drivers
v0x5636887b48c0_0 .net "data1_i", 31 0, v0x5636887b2ff0_0;  alias, 1 drivers
v0x5636887b49d0_0 .net "data2_i", 31 0, v0x5636887b32a0_0;  alias, 1 drivers
v0x5636887b4aa0_0 .net "data_o", 31 0, L_0x5636887e39a0;  1 drivers
v0x5636887b4b60_0 .net "select_i", 0 0, L_0x5636887e3440;  alias, 1 drivers
L_0x5636887e3770 .concat [ 1 31 0 0], L_0x5636887e3440, L_0x7f0ed6e7c770;
L_0x5636887e3860 .cmp/eq 32, L_0x5636887e3770, L_0x7f0ed6e7c7b8;
L_0x5636887e39a0 .functor MUXZ 32, v0x5636887b2ff0_0, v0x5636887b32a0_0, L_0x5636887e3860, C4<>;
S_0x5636887b4cc0 .scope module, "PC" "PC" 3 18, 16 1 0, S_0x563688735fe0;
 .timescale 0 0;
    .port_info 0 /INPUT 1 "clk_i"
    .port_info 1 /INPUT 1 "rst_i"
    .port_info 2 /INPUT 1 "start_i"
    .port_info 3 /INPUT 1 "PCWrite_i"
    .port_info 4 /INPUT 32 "pc_i"
    .port_info 5 /OUTPUT 32 "pc_o"
v0x5636887b4fb0_0 .net "PCWrite_i", 0 0, L_0x5636887d4aa0;  1 drivers
v0x5636887b5090_0 .net "clk_i", 0 0, v0x5636887c31a0_0;  alias, 1 drivers
v0x5636887b5150_0 .net "pc_i", 31 0, L_0x5636887d3ab0;  1 drivers
v0x5636887b51f0_0 .var "pc_o", 31 0;
o0x7f0ed73e8ce8 .functor BUFZ 1, C4<z>; HiZ drive
v0x5636887b52b0_0 .net "rst_i", 0 0, o0x7f0ed73e8ce8;  0 drivers
v0x5636887b53c0_0 .net "start_i", 0 0, v0x5636887c3240_0;  alias, 1 drivers
E_0x5636887b4f30/0 .event negedge, v0x5636887b52b0_0;
E_0x5636887b4f30/1 .event posedge, v0x5636887ac640_0;
E_0x5636887b4f30 .event/or E_0x5636887b4f30/0, E_0x5636887b4f30/1;
S_0x5636887b5580 .scope module, "PC_MUX" "MUX32" 3 11, 6 1 0, S_0x563688735fe0;
 .timescale 0 0;
    .port_info 0 /INPUT 32 "data1_i"
    .port_info 1 /INPUT 32 "data2_i"
    .port_info 2 /INPUT 1 "select_i"
    .port_info 3 /OUTPUT 32 "data_o"
v0x5636887b57c0_0 .net *"_s0", 31 0, L_0x5636887c37c0;  1 drivers
L_0x7f0ed6e7b018 .functor BUFT 1, C4<0000000000000000000000000000000>, C4<0>, C4<0>, C4<0>;
v0x5636887b58c0_0 .net *"_s3", 30 0, L_0x7f0ed6e7b018;  1 drivers
L_0x7f0ed6e7b060 .functor BUFT 1, C4<00000000000000000000000000000001>, C4<0>, C4<0>, C4<0>;
v0x5636887b59a0_0 .net/2u *"_s4", 31 0, L_0x7f0ed6e7b060;  1 drivers
v0x5636887b5a90_0 .net *"_s6", 0 0, L_0x5636887d3940;  1 drivers
v0x5636887b5b50_0 .net "data1_i", 31 0, L_0x5636887d4020;  alias, 1 drivers
v0x5636887b5c60_0 .net "data2_i", 31 0, L_0x5636887db070;  1 drivers
v0x5636887b5d20_0 .net "data_o", 31 0, L_0x5636887d3ab0;  alias, 1 drivers
v0x5636887b5e10_0 .net "select_i", 0 0, L_0x5636887d69d0;  alias, 1 drivers
L_0x5636887c37c0 .concat [ 1 31 0 0], L_0x5636887d69d0, L_0x7f0ed6e7b018;
L_0x5636887d3940 .cmp/eq 32, L_0x5636887c37c0, L_0x7f0ed6e7b060;
L_0x5636887d3ab0 .functor MUXZ 32, L_0x5636887d4020, L_0x5636887db070, L_0x5636887d3940, C4<>;
S_0x5636887b5f50 .scope module, "Registers" "Registers" 3 97, 17 1 0, S_0x563688735fe0;
 .timescale 0 0;
    .port_info 0 /INPUT 1 "clk_i"
    .port_info 1 /INPUT 5 "RS1addr_i"
    .port_info 2 /INPUT 5 "RS2addr_i"
    .port_info 3 /INPUT 5 "RDaddr_i"
    .port_info 4 /INPUT 32 "RDdata_i"
    .port_info 5 /INPUT 1 "RegWrite_i"
    .port_info 6 /OUTPUT 32 "RS1data_o"
    .port_info 7 /OUTPUT 32 "RS2data_o"
L_0x5636887d9ef0 .functor AND 1, L_0x5636887db110, L_0x5636887e33a0, C4<1>, C4<1>;
L_0x5636887d73c0 .functor AND 1, L_0x5636887d9ef0, L_0x5636887db2a0, C4<1>, C4<1>;
L_0x5636887db880 .functor AND 1, L_0x5636887db7e0, L_0x5636887e33a0, C4<1>, C4<1>;
L_0x5636887dbbb0 .functor AND 1, L_0x5636887db880, L_0x5636887dba70, C4<1>, C4<1>;
v0x5636887b6240_0 .net "RDaddr_i", 4 0, v0x5636887b3610_0;  alias, 1 drivers
v0x5636887b6320_0 .net "RDdata_i", 31 0, L_0x5636887e39a0;  alias, 1 drivers
v0x5636887b63f0_0 .net "RS1addr_i", 4 0, L_0x5636887dc090;  1 drivers
v0x5636887b64c0_0 .net "RS1data_o", 31 0, L_0x5636887db6b0;  alias, 1 drivers
v0x5636887b65b0_0 .net "RS2addr_i", 4 0, L_0x5636887dc340;  1 drivers
v0x5636887b66c0_0 .net "RS2data_o", 31 0, L_0x5636887dbea0;  alias, 1 drivers
v0x5636887b6780_0 .net "RegWrite_i", 0 0, L_0x5636887e33a0;  alias, 1 drivers
v0x5636887b6850_0 .net *"_s0", 0 0, L_0x5636887db110;  1 drivers
v0x5636887b68f0_0 .net *"_s10", 0 0, L_0x5636887db2a0;  1 drivers
v0x5636887b6a20_0 .net *"_s12", 0 0, L_0x5636887d73c0;  1 drivers
v0x5636887b6ae0_0 .net *"_s14", 31 0, L_0x5636887db480;  1 drivers
v0x5636887b6bc0_0 .net *"_s16", 6 0, L_0x5636887db520;  1 drivers
L_0x7f0ed6e7bba0 .functor BUFT 1, C4<00>, C4<0>, C4<0>, C4<0>;
v0x5636887b6ca0_0 .net *"_s19", 1 0, L_0x7f0ed6e7bba0;  1 drivers
v0x5636887b6d80_0 .net *"_s2", 0 0, L_0x5636887d9ef0;  1 drivers
v0x5636887b6e40_0 .net *"_s22", 0 0, L_0x5636887db7e0;  1 drivers
v0x5636887b6f00_0 .net *"_s24", 0 0, L_0x5636887db880;  1 drivers
v0x5636887b6fc0_0 .net *"_s26", 31 0, L_0x5636887db980;  1 drivers
L_0x7f0ed6e7bbe8 .functor BUFT 1, C4<000000000000000000000000000>, C4<0>, C4<0>, C4<0>;
v0x5636887b71b0_0 .net *"_s29", 26 0, L_0x7f0ed6e7bbe8;  1 drivers
L_0x7f0ed6e7bc30 .functor BUFT 1, C4<00000000000000000000000000000000>, C4<0>, C4<0>, C4<0>;
v0x5636887b7290_0 .net/2u *"_s30", 31 0, L_0x7f0ed6e7bc30;  1 drivers
v0x5636887b7370_0 .net *"_s32", 0 0, L_0x5636887dba70;  1 drivers
v0x5636887b7430_0 .net *"_s34", 0 0, L_0x5636887dbbb0;  1 drivers
v0x5636887b74f0_0 .net *"_s36", 31 0, L_0x5636887dbcc0;  1 drivers
v0x5636887b75d0_0 .net *"_s38", 6 0, L_0x5636887dbd60;  1 drivers
v0x5636887b76b0_0 .net *"_s4", 31 0, L_0x5636887db200;  1 drivers
L_0x7f0ed6e7bc78 .functor BUFT 1, C4<00>, C4<0>, C4<0>, C4<0>;
v0x5636887b7790_0 .net *"_s41", 1 0, L_0x7f0ed6e7bc78;  1 drivers
L_0x7f0ed6e7bb10 .functor BUFT 1, C4<000000000000000000000000000>, C4<0>, C4<0>, C4<0>;
v0x5636887b7870_0 .net *"_s7", 26 0, L_0x7f0ed6e7bb10;  1 drivers
L_0x7f0ed6e7bb58 .functor BUFT 1, C4<00000000000000000000000000000000>, C4<0>, C4<0>, C4<0>;
v0x5636887b7950_0 .net/2u *"_s8", 31 0, L_0x7f0ed6e7bb58;  1 drivers
v0x5636887b7a30_0 .net "clk_i", 0 0, v0x5636887c31a0_0;  alias, 1 drivers
v0x5636887b7ad0 .array "register", 31 0, 31 0;
L_0x5636887db110 .cmp/eq 5, L_0x5636887dc090, v0x5636887b3610_0;
L_0x5636887db200 .concat [ 5 27 0 0], v0x5636887b3610_0, L_0x7f0ed6e7bb10;
L_0x5636887db2a0 .cmp/ne 32, L_0x5636887db200, L_0x7f0ed6e7bb58;
L_0x5636887db480 .array/port v0x5636887b7ad0, L_0x5636887db520;
L_0x5636887db520 .concat [ 5 2 0 0], L_0x5636887dc090, L_0x7f0ed6e7bba0;
L_0x5636887db6b0 .functor MUXZ 32, L_0x5636887db480, L_0x5636887e39a0, L_0x5636887d73c0, C4<>;
L_0x5636887db7e0 .cmp/eq 5, L_0x5636887dc340, v0x5636887b3610_0;
L_0x5636887db980 .concat [ 5 27 0 0], v0x5636887b3610_0, L_0x7f0ed6e7bbe8;
L_0x5636887dba70 .cmp/ne 32, L_0x5636887db980, L_0x7f0ed6e7bc30;
L_0x5636887dbcc0 .array/port v0x5636887b7ad0, L_0x5636887dbd60;
L_0x5636887dbd60 .concat [ 5 2 0 0], L_0x5636887dc340, L_0x7f0ed6e7bc78;
L_0x5636887dbea0 .functor MUXZ 32, L_0x5636887dbcc0, L_0x5636887e39a0, L_0x5636887dbbb0, C4<>;
S_0x5636887b7c90 .scope module, "beq_adder" "Adder" 3 91, 7 1 0, S_0x563688735fe0;
 .timescale 0 0;
    .port_info 0 /INPUT 32 "data1_in"
    .port_info 1 /INPUT 32 "data2_in"
    .port_info 2 /OUTPUT 32 "data_o"
v0x5636887b7f90_0 .net "data1_in", 31 0, L_0x5636887d8fc0;  1 drivers
v0x5636887b8090_0 .net "data2_in", 31 0, v0x5636887b0440_0;  alias, 1 drivers
v0x5636887b8180_0 .net "data_o", 31 0, L_0x5636887db070;  alias, 1 drivers
L_0x5636887db070 .arith/sum 32, L_0x5636887d8fc0, v0x5636887b0440_0;
S_0x5636887b82c0 .scope module, "control" "Control" 3 61, 18 1 0, S_0x563688735fe0;
 .timescale 0 0;
    .port_info 0 /INPUT 7 "Op_i"
    .port_info 1 /INPUT 1 "Zero_i"
    .port_info 2 /OUTPUT 6 "Signal_o"
    .port_info 3 /OUTPUT 1 "flush_o"
L_0x5636887d6710 .functor AND 1, L_0x5636887dae90, L_0x5636887d6670, C4<1>, C4<1>;
L_0x5636887d74d0 .functor OR 1, L_0x5636887d7280, L_0x5636887d7430, C4<0>, C4<0>;
v0x5636887b8530_0 .net "Op_i", 6 0, L_0x5636887d8e80;  1 drivers
v0x5636887b8610_0 .net "Signal_o", 5 0, L_0x5636887d84b0;  alias, 1 drivers
v0x5636887b8700_0 .net "Zero_i", 0 0, L_0x5636887dae90;  1 drivers
v0x5636887b87d0_0 .net *"_s1", 0 0, L_0x5636887d6670;  1 drivers
v0x5636887b8890_0 .net *"_s100", 0 0, L_0x5636887d8c50;  1 drivers
v0x5636887b89c0_0 .net *"_s15", 0 0, L_0x5636887d6a70;  1 drivers
L_0x7f0ed6e7b528 .functor BUFT 1, C4<01>, C4<0>, C4<0>, C4<0>;
v0x5636887b8aa0_0 .net/2u *"_s16", 1 0, L_0x7f0ed6e7b528;  1 drivers
v0x5636887b8b80_0 .net *"_s19", 0 0, L_0x5636887d6b60;  1 drivers
v0x5636887b8c60_0 .net *"_s2", 0 0, L_0x5636887d6710;  1 drivers
v0x5636887b8d20_0 .net *"_s20", 1 0, L_0x5636887d6c00;  1 drivers
L_0x7f0ed6e7b570 .functor BUFT 1, C4<0>, C4<0>, C4<0>, C4<0>;
v0x5636887b8e00_0 .net *"_s23", 0 0, L_0x7f0ed6e7b570;  1 drivers
v0x5636887b8ee0_0 .net *"_s24", 1 0, L_0x5636887d6d80;  1 drivers
v0x5636887b8fc0_0 .net *"_s27", 0 0, L_0x5636887d6f10;  1 drivers
v0x5636887b90a0_0 .net *"_s31", 0 0, L_0x5636887d7050;  1 drivers
v0x5636887b9180_0 .net *"_s35", 0 0, L_0x5636887d7180;  1 drivers
v0x5636887b9260_0 .net *"_s37", 0 0, L_0x5636887d7280;  1 drivers
v0x5636887b9320_0 .net *"_s39", 0 0, L_0x5636887d7320;  1 drivers
L_0x7f0ed6e7b498 .functor BUFT 1, C4<01>, C4<0>, C4<0>, C4<0>;
v0x5636887b9510_0 .net/2s *"_s4", 1 0, L_0x7f0ed6e7b498;  1 drivers
v0x5636887b95f0_0 .net *"_s41", 0 0, L_0x5636887d7430;  1 drivers
v0x5636887b96b0_0 .net *"_s42", 0 0, L_0x5636887d74d0;  1 drivers
L_0x7f0ed6e7b5b8 .functor BUFT 1, C4<01>, C4<0>, C4<0>, C4<0>;
v0x5636887b9770_0 .net/2s *"_s44", 1 0, L_0x7f0ed6e7b5b8;  1 drivers
L_0x7f0ed6e7b600 .functor BUFT 1, C4<00>, C4<0>, C4<0>, C4<0>;
v0x5636887b9850_0 .net/2s *"_s46", 1 0, L_0x7f0ed6e7b600;  1 drivers
v0x5636887b9930_0 .net *"_s48", 1 0, L_0x5636887d75e0;  1 drivers
v0x5636887b9a10_0 .net *"_s51", 0 0, L_0x5636887d77f0;  1 drivers
v0x5636887b9af0_0 .net *"_s55", 2 0, L_0x5636887d78e0;  1 drivers
L_0x7f0ed6e7b648 .functor BUFT 1, C4<010>, C4<0>, C4<0>, C4<0>;
v0x5636887b9bd0_0 .net/2u *"_s56", 2 0, L_0x7f0ed6e7b648;  1 drivers
v0x5636887b9cb0_0 .net *"_s58", 0 0, L_0x5636887d7a10;  1 drivers
L_0x7f0ed6e7b4e0 .functor BUFT 1, C4<00>, C4<0>, C4<0>, C4<0>;
v0x5636887b9d70_0 .net/2s *"_s6", 1 0, L_0x7f0ed6e7b4e0;  1 drivers
L_0x7f0ed6e7b690 .functor BUFT 1, C4<01>, C4<0>, C4<0>, C4<0>;
v0x5636887b9e50_0 .net/2s *"_s60", 1 0, L_0x7f0ed6e7b690;  1 drivers
L_0x7f0ed6e7b6d8 .functor BUFT 1, C4<00>, C4<0>, C4<0>, C4<0>;
v0x5636887b9f30_0 .net/2s *"_s62", 1 0, L_0x7f0ed6e7b6d8;  1 drivers
v0x5636887ba010_0 .net *"_s64", 1 0, L_0x5636887d7b50;  1 drivers
v0x5636887ba0f0_0 .net *"_s67", 0 0, L_0x5636887d7d80;  1 drivers
v0x5636887ba1d0_0 .net *"_s71", 1 0, L_0x5636887d7e70;  1 drivers
L_0x7f0ed6e7b720 .functor BUFT 1, C4<10>, C4<0>, C4<0>, C4<0>;
v0x5636887ba2b0_0 .net/2u *"_s72", 1 0, L_0x7f0ed6e7b720;  1 drivers
v0x5636887ba390_0 .net *"_s74", 0 0, L_0x5636887d7bf0;  1 drivers
L_0x7f0ed6e7b768 .functor BUFT 1, C4<01>, C4<0>, C4<0>, C4<0>;
v0x5636887ba450_0 .net/2s *"_s76", 1 0, L_0x7f0ed6e7b768;  1 drivers
L_0x7f0ed6e7b7b0 .functor BUFT 1, C4<00>, C4<0>, C4<0>, C4<0>;
v0x5636887ba530_0 .net/2s *"_s78", 1 0, L_0x7f0ed6e7b7b0;  1 drivers
v0x5636887ba610_0 .net *"_s8", 1 0, L_0x5636887d6890;  1 drivers
v0x5636887ba6f0_0 .net *"_s80", 1 0, L_0x5636887d8170;  1 drivers
v0x5636887ba7d0_0 .net *"_s83", 0 0, L_0x5636887d83c0;  1 drivers
v0x5636887ba8b0_0 .net *"_s88", 1 0, L_0x5636887d8800;  1 drivers
L_0x7f0ed6e7b7f8 .functor BUFT 1, C4<00>, C4<0>, C4<0>, C4<0>;
v0x5636887ba990_0 .net/2u *"_s89", 1 0, L_0x7f0ed6e7b7f8;  1 drivers
v0x5636887baa70_0 .net *"_s91", 0 0, L_0x5636887d88a0;  1 drivers
L_0x7f0ed6e7b840 .functor BUFT 1, C4<01>, C4<0>, C4<0>, C4<0>;
v0x5636887bab30_0 .net/2s *"_s93", 1 0, L_0x7f0ed6e7b840;  1 drivers
L_0x7f0ed6e7b888 .functor BUFT 1, C4<00>, C4<0>, C4<0>, C4<0>;
v0x5636887bac10_0 .net/2s *"_s95", 1 0, L_0x7f0ed6e7b888;  1 drivers
v0x5636887bacf0_0 .net *"_s97", 1 0, L_0x5636887d8ac0;  1 drivers
v0x5636887badd0_0 .net "flush_o", 0 0, L_0x5636887d69d0;  alias, 1 drivers
L_0x5636887d6670 .part L_0x5636887d8e80, 6, 1;
L_0x5636887d6890 .functor MUXZ 2, L_0x7f0ed6e7b4e0, L_0x7f0ed6e7b498, L_0x5636887d6710, C4<>;
L_0x5636887d69d0 .part L_0x5636887d6890, 0, 1;
L_0x5636887d6a70 .part L_0x5636887d8e80, 4, 1;
L_0x5636887d6b60 .part L_0x5636887d8e80, 5, 1;
L_0x5636887d6c00 .concat [ 1 1 0 0], L_0x5636887d6b60, L_0x7f0ed6e7b570;
L_0x5636887d6d80 .functor MUXZ 2, L_0x5636887d6c00, L_0x7f0ed6e7b528, L_0x5636887d6a70, C4<>;
L_0x5636887d6f10 .part L_0x5636887d6d80, 0, 1;
L_0x5636887d7050 .part L_0x5636887d8e80, 4, 1;
L_0x5636887d7180 .part L_0x5636887d8e80, 4, 1;
L_0x5636887d7280 .reduce/nor L_0x5636887d7180;
L_0x5636887d7320 .part L_0x5636887d8e80, 5, 1;
L_0x5636887d7430 .reduce/nor L_0x5636887d7320;
L_0x5636887d75e0 .functor MUXZ 2, L_0x7f0ed6e7b600, L_0x7f0ed6e7b5b8, L_0x5636887d74d0, C4<>;
L_0x5636887d77f0 .part L_0x5636887d75e0, 0, 1;
L_0x5636887d78e0 .part L_0x5636887d8e80, 4, 3;
L_0x5636887d7a10 .cmp/eq 3, L_0x5636887d78e0, L_0x7f0ed6e7b648;
L_0x5636887d7b50 .functor MUXZ 2, L_0x7f0ed6e7b6d8, L_0x7f0ed6e7b690, L_0x5636887d7a10, C4<>;
L_0x5636887d7d80 .part L_0x5636887d7b50, 0, 1;
L_0x5636887d7e70 .part L_0x5636887d8e80, 4, 2;
L_0x5636887d7bf0 .cmp/ne 2, L_0x5636887d7e70, L_0x7f0ed6e7b720;
L_0x5636887d8170 .functor MUXZ 2, L_0x7f0ed6e7b7b0, L_0x7f0ed6e7b768, L_0x5636887d7bf0, C4<>;
L_0x5636887d83c0 .part L_0x5636887d8170, 0, 1;
LS_0x5636887d84b0_0_0 .concat8 [ 1 1 1 1], L_0x5636887d8c50, L_0x5636887d83c0, L_0x5636887d7d80, L_0x5636887d77f0;
LS_0x5636887d84b0_0_4 .concat8 [ 1 1 0 0], L_0x5636887d7050, L_0x5636887d6f10;
L_0x5636887d84b0 .concat8 [ 4 2 0 0], LS_0x5636887d84b0_0_0, LS_0x5636887d84b0_0_4;
L_0x5636887d8800 .part L_0x5636887d8e80, 4, 2;
L_0x5636887d88a0 .cmp/eq 2, L_0x5636887d8800, L_0x7f0ed6e7b7f8;
L_0x5636887d8ac0 .functor MUXZ 2, L_0x7f0ed6e7b888, L_0x7f0ed6e7b840, L_0x5636887d88a0, C4<>;
L_0x5636887d8c50 .part L_0x5636887d8ac0, 0, 1;
S_0x5636887baef0 .scope module, "equal" "equal" 3 78, 19 1 0, S_0x563688735fe0;
 .timescale 0 0;
    .port_info 0 /INPUT 32 "data1_i"
    .port_info 1 /INPUT 32 "data2_i"
    .port_info 2 /OUTPUT 1 "zero_o"
v0x5636887bb130_0 .net *"_s0", 0 0, L_0x5636887da700;  1 drivers
L_0x7f0ed6e7ba38 .functor BUFT 1, C4<01>, C4<0>, C4<0>, C4<0>;
v0x5636887bb210_0 .net/2s *"_s2", 1 0, L_0x7f0ed6e7ba38;  1 drivers
L_0x7f0ed6e7ba80 .functor BUFT 1, C4<00>, C4<0>, C4<0>, C4<0>;
v0x5636887bb2f0_0 .net/2s *"_s4", 1 0, L_0x7f0ed6e7ba80;  1 drivers
v0x5636887bb3b0_0 .net *"_s6", 1 0, L_0x5636887dad50;  1 drivers
v0x5636887bb490_0 .net "data1_i", 31 0, L_0x5636887db6b0;  alias, 1 drivers
v0x5636887bb5f0_0 .net "data2_i", 31 0, L_0x5636887dbea0;  alias, 1 drivers
v0x5636887bb700_0 .net "zero_o", 0 0, L_0x5636887dae90;  alias, 1 drivers
L_0x5636887da700 .cmp/eq 32, L_0x5636887db6b0, L_0x5636887dbea0;
L_0x5636887dad50 .functor MUXZ 2, L_0x7f0ed6e7ba80, L_0x7f0ed6e7ba38, L_0x5636887da700, C4<>;
L_0x5636887dae90 .part L_0x5636887dad50, 0, 1;
S_0x5636887bb800 .scope module, "forward" "forward" 3 160, 20 1 0, S_0x563688735fe0;
 .timescale 0 0;
    .port_info 0 /INPUT 5 "RS1_i"
    .port_info 1 /INPUT 5 "RS2_i"
    .port_info 2 /INPUT 5 "EX_RD_i"
    .port_info 3 /INPUT 5 "MEM_RD_i"
    .port_info 4 /INPUT 1 "EX_WB_i"
    .port_info 5 /INPUT 1 "MEM_WB_i"
    .port_info 6 /OUTPUT 2 "selectA_o"
    .port_info 7 /OUTPUT 2 "selectB_o"
L_0x5636887de700 .functor AND 1, L_0x5636887e0650, L_0x5636887de660, C4<1>, C4<1>;
L_0x5636887de9e0 .functor AND 1, L_0x5636887de700, L_0x5636887de8a0, C4<1>, C4<1>;
L_0x5636887dec20 .functor AND 1, L_0x5636887e33a0, L_0x5636887deaf0, C4<1>, C4<1>;
L_0x5636887def00 .functor AND 1, L_0x5636887dec20, L_0x5636887ded80, C4<1>, C4<1>;
L_0x5636887df400 .functor AND 1, L_0x5636887e0650, L_0x5636887df360, C4<1>, C4<1>;
L_0x5636887df750 .functor AND 1, L_0x5636887df400, L_0x5636887df610, C4<1>, C4<1>;
L_0x5636887dfe50 .functor AND 1, L_0x5636887e33a0, L_0x5636887dfcb0, C4<1>, C4<1>;
L_0x5636887dfde0 .functor AND 1, L_0x5636887dfe50, L_0x5636887dffb0, C4<1>, C4<1>;
v0x5636887bbaf0_0 .net "EX_RD_i", 4 0, v0x5636887ad2e0_0;  alias, 1 drivers
v0x5636887bbc00_0 .net "EX_WB_i", 0 0, L_0x5636887e0650;  1 drivers
v0x5636887bbcc0_0 .net "MEM_RD_i", 4 0, v0x5636887b3610_0;  alias, 1 drivers
v0x5636887bbdb0_0 .net "MEM_WB_i", 0 0, L_0x5636887e33a0;  alias, 1 drivers
v0x5636887bbea0_0 .net "RS1_i", 4 0, v0x5636887aed20_0;  alias, 1 drivers
v0x5636887bbfb0_0 .net "RS2_i", 4 0, v0x5636887af370_0;  alias, 1 drivers
v0x5636887bc050_0 .net *"_s0", 0 0, L_0x5636887de660;  1 drivers
v0x5636887bc0f0_0 .net *"_s10", 0 0, L_0x5636887de8a0;  1 drivers
v0x5636887bc1b0_0 .net *"_s12", 0 0, L_0x5636887de9e0;  1 drivers
L_0x7f0ed6e7c020 .functor BUFT 1, C4<10>, C4<0>, C4<0>, C4<0>;
v0x5636887bc270_0 .net/2u *"_s14", 1 0, L_0x7f0ed6e7c020;  1 drivers
v0x5636887bc350_0 .net *"_s16", 0 0, L_0x5636887deaf0;  1 drivers
v0x5636887bc410_0 .net *"_s18", 0 0, L_0x5636887dec20;  1 drivers
v0x5636887bc4d0_0 .net *"_s2", 0 0, L_0x5636887de700;  1 drivers
v0x5636887bc590_0 .net *"_s20", 31 0, L_0x5636887dec90;  1 drivers
L_0x7f0ed6e7c068 .functor BUFT 1, C4<000000000000000000000000000>, C4<0>, C4<0>, C4<0>;
v0x5636887bc670_0 .net *"_s23", 26 0, L_0x7f0ed6e7c068;  1 drivers
L_0x7f0ed6e7c0b0 .functor BUFT 1, C4<00000000000000000000000000000000>, C4<0>, C4<0>, C4<0>;
v0x5636887bc750_0 .net/2u *"_s24", 31 0, L_0x7f0ed6e7c0b0;  1 drivers
v0x5636887bc830_0 .net *"_s26", 0 0, L_0x5636887ded80;  1 drivers
v0x5636887bc8f0_0 .net *"_s28", 0 0, L_0x5636887def00;  1 drivers
L_0x7f0ed6e7c0f8 .functor BUFT 1, C4<01>, C4<0>, C4<0>, C4<0>;
v0x5636887bc9b0_0 .net/2u *"_s30", 1 0, L_0x7f0ed6e7c0f8;  1 drivers
L_0x7f0ed6e7c140 .functor BUFT 1, C4<00>, C4<0>, C4<0>, C4<0>;
v0x5636887bca90_0 .net/2u *"_s32", 1 0, L_0x7f0ed6e7c140;  1 drivers
v0x5636887bcb70_0 .net *"_s34", 1 0, L_0x5636887df040;  1 drivers
v0x5636887bcc50_0 .net *"_s38", 0 0, L_0x5636887df360;  1 drivers
v0x5636887bcd10_0 .net *"_s4", 31 0, L_0x5636887de770;  1 drivers
v0x5636887bcdf0_0 .net *"_s40", 0 0, L_0x5636887df400;  1 drivers
v0x5636887bceb0_0 .net *"_s42", 31 0, L_0x5636887df510;  1 drivers
L_0x7f0ed6e7c188 .functor BUFT 1, C4<000000000000000000000000000>, C4<0>, C4<0>, C4<0>;
v0x5636887bcf90_0 .net *"_s45", 26 0, L_0x7f0ed6e7c188;  1 drivers
L_0x7f0ed6e7c1d0 .functor BUFT 1, C4<00000000000000000000000000000000>, C4<0>, C4<0>, C4<0>;
v0x5636887bd070_0 .net/2u *"_s46", 31 0, L_0x7f0ed6e7c1d0;  1 drivers
v0x5636887bd150_0 .net *"_s48", 0 0, L_0x5636887df610;  1 drivers
v0x5636887bd210_0 .net *"_s50", 0 0, L_0x5636887df750;  1 drivers
L_0x7f0ed6e7c218 .functor BUFT 1, C4<10>, C4<0>, C4<0>, C4<0>;
v0x5636887bd2d0_0 .net/2u *"_s52", 1 0, L_0x7f0ed6e7c218;  1 drivers
v0x5636887bd3b0_0 .net *"_s54", 0 0, L_0x5636887dfcb0;  1 drivers
v0x5636887bd470_0 .net *"_s56", 0 0, L_0x5636887dfe50;  1 drivers
v0x5636887bd530_0 .net *"_s58", 31 0, L_0x5636887dfec0;  1 drivers
L_0x7f0ed6e7c260 .functor BUFT 1, C4<000000000000000000000000000>, C4<0>, C4<0>, C4<0>;
v0x5636887bd820_0 .net *"_s61", 26 0, L_0x7f0ed6e7c260;  1 drivers
L_0x7f0ed6e7c2a8 .functor BUFT 1, C4<00000000000000000000000000000000>, C4<0>, C4<0>, C4<0>;
v0x5636887bd900_0 .net/2u *"_s62", 31 0, L_0x7f0ed6e7c2a8;  1 drivers
v0x5636887bd9e0_0 .net *"_s64", 0 0, L_0x5636887dffb0;  1 drivers
v0x5636887bdaa0_0 .net *"_s66", 0 0, L_0x5636887dfde0;  1 drivers
L_0x7f0ed6e7c2f0 .functor BUFT 1, C4<01>, C4<0>, C4<0>, C4<0>;
v0x5636887bdb60_0 .net/2u *"_s68", 1 0, L_0x7f0ed6e7c2f0;  1 drivers
L_0x7f0ed6e7bf90 .functor BUFT 1, C4<000000000000000000000000000>, C4<0>, C4<0>, C4<0>;
v0x5636887bdc40_0 .net *"_s7", 26 0, L_0x7f0ed6e7bf90;  1 drivers
L_0x7f0ed6e7c338 .functor BUFT 1, C4<00>, C4<0>, C4<0>, C4<0>;
v0x5636887bdd20_0 .net/2u *"_s70", 1 0, L_0x7f0ed6e7c338;  1 drivers
v0x5636887bde00_0 .net *"_s72", 1 0, L_0x5636887e0260;  1 drivers
L_0x7f0ed6e7bfd8 .functor BUFT 1, C4<00000000000000000000000000000000>, C4<0>, C4<0>, C4<0>;
v0x5636887bdee0_0 .net/2u *"_s8", 31 0, L_0x7f0ed6e7bfd8;  1 drivers
v0x5636887bdfc0_0 .net "selectA_o", 1 0, L_0x5636887df1d0;  1 drivers
v0x5636887be0a0_0 .net "selectB_o", 1 0, L_0x5636887e03f0;  1 drivers
L_0x5636887de660 .cmp/eq 5, v0x5636887ad2e0_0, v0x5636887aed20_0;
L_0x5636887de770 .concat [ 5 27 0 0], v0x5636887ad2e0_0, L_0x7f0ed6e7bf90;
L_0x5636887de8a0 .cmp/ne 32, L_0x5636887de770, L_0x7f0ed6e7bfd8;
L_0x5636887deaf0 .cmp/eq 5, v0x5636887b3610_0, v0x5636887aed20_0;
L_0x5636887dec90 .concat [ 5 27 0 0], v0x5636887b3610_0, L_0x7f0ed6e7c068;
L_0x5636887ded80 .cmp/ne 32, L_0x5636887dec90, L_0x7f0ed6e7c0b0;
L_0x5636887df040 .functor MUXZ 2, L_0x7f0ed6e7c140, L_0x7f0ed6e7c0f8, L_0x5636887def00, C4<>;
L_0x5636887df1d0 .functor MUXZ 2, L_0x5636887df040, L_0x7f0ed6e7c020, L_0x5636887de9e0, C4<>;
L_0x5636887df360 .cmp/eq 5, v0x5636887ad2e0_0, v0x5636887af370_0;
L_0x5636887df510 .concat [ 5 27 0 0], v0x5636887ad2e0_0, L_0x7f0ed6e7c188;
L_0x5636887df610 .cmp/ne 32, L_0x5636887df510, L_0x7f0ed6e7c1d0;
L_0x5636887dfcb0 .cmp/eq 5, v0x5636887b3610_0, v0x5636887af370_0;
L_0x5636887dfec0 .concat [ 5 27 0 0], v0x5636887b3610_0, L_0x7f0ed6e7c260;
L_0x5636887dffb0 .cmp/ne 32, L_0x5636887dfec0, L_0x7f0ed6e7c2a8;
L_0x5636887e0260 .functor MUXZ 2, L_0x7f0ed6e7c338, L_0x7f0ed6e7c2f0, L_0x5636887dfde0, C4<>;
L_0x5636887e03f0 .functor MUXZ 2, L_0x5636887e0260, L_0x7f0ed6e7c218, L_0x5636887df750, C4<>;
S_0x5636887be280 .scope module, "forwardA" "MUX3_1" 3 137, 21 1 0, S_0x563688735fe0;
 .timescale 0 0;
    .port_info 0 /INPUT 32 "data1_i"
    .port_info 1 /INPUT 32 "data2_i"
    .port_info 2 /INPUT 32 "data3_i"
    .port_info 3 /INPUT 2 "select_i"
    .port_info 4 /OUTPUT 32 "data_o"
v0x5636887be480_0 .net *"_s0", 31 0, L_0x5636887dd3d0;  1 drivers
L_0x7f0ed6e7bd50 .functor BUFT 1, C4<000000000000000000000000000000>, C4<0>, C4<0>, C4<0>;
v0x5636887be580_0 .net *"_s11", 29 0, L_0x7f0ed6e7bd50;  1 drivers
L_0x7f0ed6e7bd98 .functor BUFT 1, C4<00000000000000000000000000000001>, C4<0>, C4<0>, C4<0>;
v0x5636887be660_0 .net/2u *"_s12", 31 0, L_0x7f0ed6e7bd98;  1 drivers
v0x5636887be720_0 .net *"_s14", 0 0, L_0x5636887dd740;  1 drivers
v0x5636887be7e0_0 .net *"_s16", 31 0, L_0x5636887dd880;  1 drivers
L_0x7f0ed6e7bcc0 .functor BUFT 1, C4<000000000000000000000000000000>, C4<0>, C4<0>, C4<0>;
v0x5636887be910_0 .net *"_s3", 29 0, L_0x7f0ed6e7bcc0;  1 drivers
L_0x7f0ed6e7bd08 .functor BUFT 1, C4<00000000000000000000000000000000>, C4<0>, C4<0>, C4<0>;
v0x5636887be9f0_0 .net/2u *"_s4", 31 0, L_0x7f0ed6e7bd08;  1 drivers
v0x5636887bead0_0 .net *"_s6", 0 0, L_0x5636887dd510;  1 drivers
v0x5636887beb90_0 .net *"_s8", 31 0, L_0x5636887dd650;  1 drivers
v0x5636887bec70_0 .net "data1_i", 31 0, v0x5636887aec60_0;  alias, 1 drivers
v0x5636887bed30_0 .net "data2_i", 31 0, L_0x5636887e39a0;  alias, 1 drivers
v0x5636887bedd0_0 .net "data3_i", 31 0, v0x5636887acd50_0;  alias, 1 drivers
v0x5636887bee90_0 .net "data_o", 31 0, L_0x5636887dd970;  alias, 1 drivers
v0x5636887bef50_0 .net "select_i", 1 0, L_0x5636887df1d0;  alias, 1 drivers
L_0x5636887dd3d0 .concat [ 2 30 0 0], L_0x5636887df1d0, L_0x7f0ed6e7bcc0;
L_0x5636887dd510 .cmp/eq 32, L_0x5636887dd3d0, L_0x7f0ed6e7bd08;
L_0x5636887dd650 .concat [ 2 30 0 0], L_0x5636887df1d0, L_0x7f0ed6e7bd50;
L_0x5636887dd740 .cmp/eq 32, L_0x5636887dd650, L_0x7f0ed6e7bd98;
L_0x5636887dd880 .functor MUXZ 32, v0x5636887acd50_0, L_0x5636887e39a0, L_0x5636887dd740, C4<>;
L_0x5636887dd970 .functor MUXZ 32, L_0x5636887dd880, v0x5636887aec60_0, L_0x5636887dd510, C4<>;
S_0x5636887bf070 .scope module, "forwardB" "MUX3_1" 3 145, 21 1 0, S_0x563688735fe0;
 .timescale 0 0;
    .port_info 0 /INPUT 32 "data1_i"
    .port_info 1 /INPUT 32 "data2_i"
    .port_info 2 /INPUT 32 "data3_i"
    .port_info 3 /INPUT 2 "select_i"
    .port_info 4 /OUTPUT 32 "data_o"
v0x5636887bf2c0_0 .net *"_s0", 31 0, L_0x5636887ddb40;  1 drivers
L_0x7f0ed6e7be70 .functor BUFT 1, C4<000000000000000000000000000000>, C4<0>, C4<0>, C4<0>;
v0x5636887bf3c0_0 .net *"_s11", 29 0, L_0x7f0ed6e7be70;  1 drivers
L_0x7f0ed6e7beb8 .functor BUFT 1, C4<00000000000000000000000000000001>, C4<0>, C4<0>, C4<0>;
v0x5636887bf4a0_0 .net/2u *"_s12", 31 0, L_0x7f0ed6e7beb8;  1 drivers
v0x5636887bf590_0 .net *"_s14", 0 0, L_0x5636887ddeb0;  1 drivers
v0x5636887bf650_0 .net *"_s16", 31 0, L_0x5636887ddff0;  1 drivers
L_0x7f0ed6e7bde0 .functor BUFT 1, C4<000000000000000000000000000000>, C4<0>, C4<0>, C4<0>;
v0x5636887bf780_0 .net *"_s3", 29 0, L_0x7f0ed6e7bde0;  1 drivers
L_0x7f0ed6e7be28 .functor BUFT 1, C4<00000000000000000000000000000000>, C4<0>, C4<0>, C4<0>;
v0x5636887bf860_0 .net/2u *"_s4", 31 0, L_0x7f0ed6e7be28;  1 drivers
v0x5636887bf940_0 .net *"_s6", 0 0, L_0x5636887ddc80;  1 drivers
v0x5636887bfa00_0 .net *"_s8", 31 0, L_0x5636887dddc0;  1 drivers
v0x5636887bfae0_0 .net "data1_i", 31 0, v0x5636887af290_0;  alias, 1 drivers
v0x5636887bfba0_0 .net "data2_i", 31 0, L_0x5636887e39a0;  alias, 1 drivers
v0x5636887bfc40_0 .net "data3_i", 31 0, v0x5636887acd50_0;  alias, 1 drivers
v0x5636887bfd90_0 .net "data_o", 31 0, L_0x5636887de0e0;  alias, 1 drivers
v0x5636887bfe50_0 .net "select_i", 1 0, L_0x5636887e03f0;  alias, 1 drivers
L_0x5636887ddb40 .concat [ 2 30 0 0], L_0x5636887e03f0, L_0x7f0ed6e7bde0;
L_0x5636887ddc80 .cmp/eq 32, L_0x5636887ddb40, L_0x7f0ed6e7be28;
L_0x5636887dddc0 .concat [ 2 30 0 0], L_0x5636887e03f0, L_0x7f0ed6e7be70;
L_0x5636887ddeb0 .cmp/eq 32, L_0x5636887dddc0, L_0x7f0ed6e7beb8;
L_0x5636887ddff0 .functor MUXZ 32, v0x5636887acd50_0, L_0x5636887e39a0, L_0x5636887ddeb0, C4<>;
L_0x5636887de0e0 .functor MUXZ 32, L_0x5636887ddff0, v0x5636887af290_0, L_0x5636887ddc80, C4<>;
S_0x5636887bffc0 .scope module, "haz" "hazard_detection" 3 51, 22 1 0, S_0x563688735fe0;
 .timescale 0 0;
    .port_info 0 /INPUT 1 "ID_EX_MEMR_i"
    .port_info 1 /INPUT 5 "RS1_i"
    .port_info 2 /INPUT 5 "RS2_i"
    .port_info 3 /INPUT 5 "ID_EX_RD_i"
    .port_info 4 /OUTPUT 1 "PCWrite_o"
    .port_info 5 /OUTPUT 1 "IF_ID_Write_o"
    .port_info 6 /OUTPUT 1 "BubbleSignal_o"
L_0x5636887d4510 .functor AND 1, L_0x5636887d6370, L_0x5636887d43d0, C4<1>, C4<1>;
L_0x5636887d4740 .functor OR 1, L_0x5636887d45d0, L_0x5636887d4670, C4<0>, C4<0>;
L_0x5636887d4800 .functor AND 1, L_0x5636887d4510, L_0x5636887d4740, C4<1>, C4<1>;
L_0x5636887d4ee0 .functor AND 1, L_0x5636887d6370, L_0x5636887d4da0, C4<1>, C4<1>;
L_0x5636887d5370 .functor OR 1, L_0x5636887d5020, L_0x5636887d5110, C4<0>, C4<0>;
L_0x5636887d5430 .functor AND 1, L_0x5636887d4ee0, L_0x5636887d5370, C4<1>, C4<1>;
L_0x5636887d5850 .functor AND 1, L_0x5636887d6370, L_0x5636887d59b0, C4<1>, C4<1>;
L_0x5636887d5d90 .functor OR 1, L_0x5636887d5bc0, L_0x5636887d5c60, C4<0>, C4<0>;
L_0x5636887d5ef0 .functor AND 1, L_0x5636887d5850, L_0x5636887d5d90, C4<1>, C4<1>;
v0x5636887c01f0_0 .net "BubbleSignal_o", 0 0, L_0x5636887d6190;  alias, 1 drivers
v0x5636887c02b0_0 .net "ID_EX_MEMR_i", 0 0, L_0x5636887d6370;  1 drivers
v0x5636887c0350_0 .net "ID_EX_RD_i", 4 0, v0x5636887ae9d0_0;  alias, 1 drivers
v0x5636887c0470_0 .net "IF_ID_Write_o", 0 0, L_0x5636887d5710;  alias, 1 drivers
v0x5636887c0510_0 .net "PCWrite_o", 0 0, L_0x5636887d4aa0;  alias, 1 drivers
v0x5636887c0600_0 .net "RS1_i", 4 0, L_0x5636887d6410;  1 drivers
v0x5636887c06a0_0 .net "RS2_i", 4 0, L_0x5636887d64b0;  1 drivers
v0x5636887c0780_0 .net *"_s0", 31 0, L_0x5636887d4290;  1 drivers
v0x5636887c0860_0 .net *"_s10", 0 0, L_0x5636887d45d0;  1 drivers
v0x5636887c09b0_0 .net *"_s12", 0 0, L_0x5636887d4670;  1 drivers
v0x5636887c0a70_0 .net *"_s14", 0 0, L_0x5636887d4740;  1 drivers
v0x5636887c0b30_0 .net *"_s16", 0 0, L_0x5636887d4800;  1 drivers
L_0x7f0ed6e7b1c8 .functor BUFT 1, C4<00>, C4<0>, C4<0>, C4<0>;
v0x5636887c0bf0_0 .net/2s *"_s18", 1 0, L_0x7f0ed6e7b1c8;  1 drivers
L_0x7f0ed6e7b210 .functor BUFT 1, C4<01>, C4<0>, C4<0>, C4<0>;
v0x5636887c0cd0_0 .net/2s *"_s20", 1 0, L_0x7f0ed6e7b210;  1 drivers
v0x5636887c0db0_0 .net *"_s22", 1 0, L_0x5636887d4910;  1 drivers
v0x5636887c0e90_0 .net *"_s26", 31 0, L_0x5636887d4c20;  1 drivers
L_0x7f0ed6e7b258 .functor BUFT 1, C4<000000000000000000000000000>, C4<0>, C4<0>, C4<0>;
v0x5636887c0f70_0 .net *"_s29", 26 0, L_0x7f0ed6e7b258;  1 drivers
L_0x7f0ed6e7b138 .functor BUFT 1, C4<000000000000000000000000000>, C4<0>, C4<0>, C4<0>;
v0x5636887c1050_0 .net *"_s3", 26 0, L_0x7f0ed6e7b138;  1 drivers
L_0x7f0ed6e7b2a0 .functor BUFT 1, C4<00000000000000000000000000000000>, C4<0>, C4<0>, C4<0>;
v0x5636887c1130_0 .net/2u *"_s30", 31 0, L_0x7f0ed6e7b2a0;  1 drivers
v0x5636887c1210_0 .net *"_s32", 0 0, L_0x5636887d4da0;  1 drivers
v0x5636887c12d0_0 .net *"_s34", 0 0, L_0x5636887d4ee0;  1 drivers
v0x5636887c1390_0 .net *"_s36", 0 0, L_0x5636887d5020;  1 drivers
v0x5636887c1450_0 .net *"_s38", 0 0, L_0x5636887d5110;  1 drivers
L_0x7f0ed6e7b180 .functor BUFT 1, C4<00000000000000000000000000000000>, C4<0>, C4<0>, C4<0>;
v0x5636887c1510_0 .net/2u *"_s4", 31 0, L_0x7f0ed6e7b180;  1 drivers
v0x5636887c15f0_0 .net *"_s40", 0 0, L_0x5636887d5370;  1 drivers
v0x5636887c16b0_0 .net *"_s42", 0 0, L_0x5636887d5430;  1 drivers
L_0x7f0ed6e7b2e8 .functor BUFT 1, C4<00>, C4<0>, C4<0>, C4<0>;
v0x5636887c1770_0 .net/2s *"_s44", 1 0, L_0x7f0ed6e7b2e8;  1 drivers
L_0x7f0ed6e7b330 .functor BUFT 1, C4<01>, C4<0>, C4<0>, C4<0>;
v0x5636887c1850_0 .net/2s *"_s46", 1 0, L_0x7f0ed6e7b330;  1 drivers
v0x5636887c1930_0 .net *"_s48", 1 0, L_0x5636887d5580;  1 drivers
v0x5636887c1a10_0 .net *"_s52", 31 0, L_0x5636887d58c0;  1 drivers
L_0x7f0ed6e7b378 .functor BUFT 1, C4<000000000000000000000000000>, C4<0>, C4<0>, C4<0>;
v0x5636887c1af0_0 .net *"_s55", 26 0, L_0x7f0ed6e7b378;  1 drivers
L_0x7f0ed6e7b3c0 .functor BUFT 1, C4<00000000000000000000000000000000>, C4<0>, C4<0>, C4<0>;
v0x5636887c1bd0_0 .net/2u *"_s56", 31 0, L_0x7f0ed6e7b3c0;  1 drivers
v0x5636887c1cb0_0 .net *"_s58", 0 0, L_0x5636887d59b0;  1 drivers
v0x5636887c1f80_0 .net *"_s6", 0 0, L_0x5636887d43d0;  1 drivers
v0x5636887c2040_0 .net *"_s60", 0 0, L_0x5636887d5850;  1 drivers
v0x5636887c2100_0 .net *"_s62", 0 0, L_0x5636887d5bc0;  1 drivers
v0x5636887c21c0_0 .net *"_s64", 0 0, L_0x5636887d5c60;  1 drivers
v0x5636887c2280_0 .net *"_s66", 0 0, L_0x5636887d5d90;  1 drivers
v0x5636887c2340_0 .net *"_s68", 0 0, L_0x5636887d5ef0;  1 drivers
L_0x7f0ed6e7b408 .functor BUFT 1, C4<01>, C4<0>, C4<0>, C4<0>;
v0x5636887c2400_0 .net/2s *"_s70", 1 0, L_0x7f0ed6e7b408;  1 drivers
L_0x7f0ed6e7b450 .functor BUFT 1, C4<00>, C4<0>, C4<0>, C4<0>;
v0x5636887c24e0_0 .net/2s *"_s72", 1 0, L_0x7f0ed6e7b450;  1 drivers
v0x5636887c25c0_0 .net *"_s74", 1 0, L_0x5636887d6000;  1 drivers
v0x5636887c26a0_0 .net *"_s8", 0 0, L_0x5636887d4510;  1 drivers
L_0x5636887d4290 .concat [ 5 27 0 0], v0x5636887ae9d0_0, L_0x7f0ed6e7b138;
L_0x5636887d43d0 .cmp/ne 32, L_0x5636887d4290, L_0x7f0ed6e7b180;
L_0x5636887d45d0 .cmp/eq 5, v0x5636887ae9d0_0, L_0x5636887d6410;
L_0x5636887d4670 .cmp/eq 5, v0x5636887ae9d0_0, L_0x5636887d64b0;
L_0x5636887d4910 .functor MUXZ 2, L_0x7f0ed6e7b210, L_0x7f0ed6e7b1c8, L_0x5636887d4800, C4<>;
L_0x5636887d4aa0 .part L_0x5636887d4910, 0, 1;
L_0x5636887d4c20 .concat [ 5 27 0 0], v0x5636887ae9d0_0, L_0x7f0ed6e7b258;
L_0x5636887d4da0 .cmp/ne 32, L_0x5636887d4c20, L_0x7f0ed6e7b2a0;
L_0x5636887d5020 .cmp/eq 5, v0x5636887ae9d0_0, L_0x5636887d6410;
L_0x5636887d5110 .cmp/eq 5, v0x5636887ae9d0_0, L_0x5636887d64b0;
L_0x5636887d5580 .functor MUXZ 2, L_0x7f0ed6e7b330, L_0x7f0ed6e7b2e8, L_0x5636887d5430, C4<>;
L_0x5636887d5710 .part L_0x5636887d5580, 0, 1;
L_0x5636887d58c0 .concat [ 5 27 0 0], v0x5636887ae9d0_0, L_0x7f0ed6e7b378;
L_0x5636887d59b0 .cmp/ne 32, L_0x5636887d58c0, L_0x7f0ed6e7b3c0;
L_0x5636887d5bc0 .cmp/eq 5, v0x5636887ae9d0_0, L_0x5636887d6410;
L_0x5636887d5c60 .cmp/eq 5, v0x5636887ae9d0_0, L_0x5636887d64b0;
L_0x5636887d6000 .functor MUXZ 2, L_0x7f0ed6e7b450, L_0x7f0ed6e7b408, L_0x5636887d5ef0, C4<>;
L_0x5636887d6190 .part L_0x5636887d6000, 0, 1;
S_0x5636887c2880 .scope module, "shift" "Shift_left" 3 68, 23 1 0, S_0x563688735fe0;
 .timescale 0 0;
    .port_info 0 /INPUT 32 "data_i"
    .port_info 1 /OUTPUT 32 "data_o"
v0x5636887c2a20_0 .net *"_s2", 30 0, L_0x5636887d8f20;  1 drivers
L_0x7f0ed6e7b8d0 .functor BUFT 1, C4<0>, C4<0>, C4<0>, C4<0>;
v0x5636887c2b20_0 .net *"_s4", 0 0, L_0x7f0ed6e7b8d0;  1 drivers
v0x5636887c2c00_0 .net "data_i", 31 0, L_0x5636887da660;  alias, 1 drivers
v0x5636887c2d20_0 .net "data_o", 31 0, L_0x5636887d8fc0;  alias, 1 drivers
L_0x5636887d8f20 .part L_0x5636887da660, 0, 31;
L_0x5636887d8fc0 .concat [ 1 31 0 0], L_0x7f0ed6e7b8d0, L_0x5636887d8f20;
    .scope S_0x5636887b4cc0;
T_0 ;
    %wait E_0x5636887b4f30;
    %load/vec4 v0x5636887b52b0_0;
    %inv;
    %flag_set/vec4 8;
    %jmp/0xz  T_0.0, 8;
    %pushi/vec4 0, 0, 32;
    %assign/vec4 v0x5636887b51f0_0, 0;
    %jmp T_0.1;
T_0.0 ;
    %load/vec4 v0x5636887b4fb0_0;
    %flag_set/vec4 8;
    %jmp/0xz  T_0.2, 8;
    %load/vec4 v0x5636887b53c0_0;
    %flag_set/vec4 8;
    %jmp/0xz  T_0.4, 8;
    %load/vec4 v0x5636887b5150_0;
    %assign/vec4 v0x5636887b51f0_0, 0;
    %jmp T_0.5;
T_0.4 ;
    %load/vec4 v0x5636887b51f0_0;
    %assign/vec4 v0x5636887b51f0_0, 0;
T_0.5 ;
T_0.2 ;
T_0.1 ;
    %jmp T_0;
    .thread T_0;
    .scope S_0x5636887b0020;
T_1 ;
    %wait E_0x5636886d97a0;
    %load/vec4 v0x5636887b02a0_0;
    %load/vec4 v0x5636887b0380_0;
    %nor/r;
    %and;
    %flag_set/vec4 8;
    %jmp/0xz  T_1.0, 8;
    %load/vec4 v0x5636887b0530_0;
    %assign/vec4 v0x5636887b0440_0, 0;
    %load/vec4 v0x5636887b07d0_0;
    %assign/vec4 v0x5636887b0990_0, 0;
    %jmp T_1.1;
T_1.0 ;
    %load/vec4 v0x5636887b0380_0;
    %flag_set/vec4 8;
    %jmp/0xz  T_1.2, 8;
    %pushi/vec4 0, 0, 32;
    %assign/vec4 v0x5636887b0990_0, 0;
T_1.2 ;
T_1.1 ;
    %jmp T_1;
    .thread T_1;
    .scope S_0x5636887b5f50;
T_2 ;
    %wait E_0x5636886d97a0;
    %load/vec4 v0x5636887b6780_0;
    %load/vec4 v0x5636887b6240_0;
    %pad/u 32;
    %pushi/vec4 0, 0, 32;
    %cmp/e;
    %flag_get/vec4 4;
    %inv;
    %and;
    %flag_set/vec4 8;
    %jmp/0xz  T_2.0, 8;
    %load/vec4 v0x5636887b6320_0;
    %load/vec4 v0x5636887b6240_0;
    %pad/u 7;
    %ix/vec4 3;
    %ix/load 4, 0, 0; Constant delay
    %assign/vec4/a/d v0x5636887b7ad0, 0, 4;
T_2.0 ;
    %jmp T_2;
    .thread T_2;
    .scope S_0x5636887addc0;
T_3 ;
    %wait E_0x5636886d97a0;
    %load/vec4 v0x5636887af8b0_0;
    %assign/vec4 v0x5636887af7d0_0, 0;
    %load/vec4 v0x5636887ae840_0;
    %assign/vec4 v0x5636887ae7a0_0, 0;
    %load/vec4 v0x5636887ae410_0;
    %assign/vec4 v0x5636887ae340_0, 0;
    %load/vec4 v0x5636887aee00_0;
    %assign/vec4 v0x5636887aec60_0, 0;
    %load/vec4 v0x5636887af450_0;
    %assign/vec4 v0x5636887af290_0, 0;
    %load/vec4 v0x5636887ae600_0;
    %assign/vec4 v0x5636887ae4d0_0, 0;
    %load/vec4 v0x5636887af0d0_0;
    %assign/vec4 v0x5636887aed20_0, 0;
    %load/vec4 v0x5636887af610_0;
    %assign/vec4 v0x5636887af370_0, 0;
    %load/vec4 v0x5636887aea90_0;
    %assign/vec4 v0x5636887ae9d0_0, 0;
    %load/vec4 v0x5636887afbe0_0;
    %assign/vec4 v0x5636887afb20_0, 0;
    %jmp T_3;
    .thread T_3;
    .scope S_0x5636887aca70;
T_4 ;
    %wait E_0x5636886d97a0;
    %load/vec4 v0x5636887ad240_0;
    %assign/vec4 v0x5636887ad010_0, 0;
    %load/vec4 v0x5636887ad8e0_0;
    %assign/vec4 v0x5636887ad820_0, 0;
    %load/vec4 v0x5636887ace50_0;
    %assign/vec4 v0x5636887acd50_0, 0;
    %load/vec4 v0x5636887ad660_0;
    %assign/vec4 v0x5636887ad580_0, 0;
    %load/vec4 v0x5636887ad3c0_0;
    %store/vec4 v0x5636887ad2e0_0, 0, 5;
    %jmp T_4;
    .thread T_4;
    .scope S_0x5636887ac180;
T_5 ;
    %wait E_0x5636886d97a0;
    %load/vec4 v0x5636887ac3c0_0;
    %flag_set/vec4 8;
    %jmp/0xz  T_5.0, 8;
    %load/vec4 v0x5636887ac700_0;
    %ix/getv 3, v0x5636887ac580_0;
    %ix/load 4, 0, 0; Constant delay
    %assign/vec4/a/d v0x5636887ac910, 0, 4;
T_5.0 ;
    %jmp T_5;
    .thread T_5;
    .scope S_0x5636887b2d20;
T_6 ;
    %wait E_0x5636886d97a0;
    %load/vec4 v0x5636887b3a10_0;
    %assign/vec4 v0x5636887b3930_0, 0;
    %load/vec4 v0x5636887b3380_0;
    %assign/vec4 v0x5636887b32a0_0, 0;
    %load/vec4 v0x5636887b30d0_0;
    %assign/vec4 v0x5636887b2ff0_0, 0;
    %load/vec4 v0x5636887b36f0_0;
    %assign/vec4 v0x5636887b3610_0, 0;
    %jmp T_6;
    .thread T_6;
    .scope S_0x563688780a10;
T_7 ;
    %delay 25, 0;
    %load/vec4 v0x5636887c31a0_0;
    %inv;
    %store/vec4 v0x5636887c31a0_0, 0, 1;
    %jmp T_7;
    .thread T_7;
    .scope S_0x563688780a10;
T_8 ;
    %vpi_call 2 18 "$dumpfile", "../testdata/test.vcd" {0 0 0};
    %vpi_call 2 19 "$dumpvars" {0 0 0};
    %pushi/vec4 0, 0, 32;
    %store/vec4 v0x5636887c3350_0, 0, 32;
    %pushi/vec4 0, 0, 32;
    %store/vec4 v0x5636887c36e0_0, 0, 32;
    %pushi/vec4 0, 0, 32;
    %store/vec4 v0x5636887c33f0_0, 0, 32;
    %pushi/vec4 0, 0, 32;
    %store/vec4 v0x5636887b51f0_0, 0, 32;
    %pushi/vec4 0, 0, 32;
    %store/vec4 v0x5636887c34d0_0, 0, 32;
T_8.0 ;
    %load/vec4 v0x5636887c34d0_0;
    %cmpi/s 256, 0, 32;
    %jmp/0xz T_8.1, 5;
    %pushi/vec4 0, 0, 32;
    %ix/getv/s 4, v0x5636887c34d0_0;
    %store/vec4a v0x5636887b2c20, 4, 0;
    %load/vec4 v0x5636887c34d0_0;
    %addi 1, 0, 32;
    %store/vec4 v0x5636887c34d0_0, 0, 32;
    %jmp T_8.0;
T_8.1 ;
    %pushi/vec4 0, 0, 32;
    %store/vec4 v0x5636887c34d0_0, 0, 32;
T_8.2 ;
    %load/vec4 v0x5636887c34d0_0;
    %cmpi/s 32, 0, 32;
    %jmp/0xz T_8.3, 5;
    %pushi/vec4 0, 0, 32;
    %ix/getv/s 4, v0x5636887c34d0_0;
    %store/vec4a v0x5636887ac910, 4, 0;
    %load/vec4 v0x5636887c34d0_0;
    %addi 1, 0, 32;
    %store/vec4 v0x5636887c34d0_0, 0, 32;
    %jmp T_8.2;
T_8.3 ;
    %pushi/vec4 0, 0, 32;
    %store/vec4 v0x5636887c34d0_0, 0, 32;
T_8.4 ;
    %load/vec4 v0x5636887c34d0_0;
    %cmpi/s 32, 0, 32;
    %jmp/0xz T_8.5, 5;
    %pushi/vec4 0, 0, 32;
    %ix/getv/s 4, v0x5636887c34d0_0;
    %store/vec4a v0x5636887b7ad0, 4, 0;
    %load/vec4 v0x5636887c34d0_0;
    %addi 1, 0, 32;
    %store/vec4 v0x5636887c34d0_0, 0, 32;
    %jmp T_8.4;
T_8.5 ;
    %pushi/vec4 0, 0, 32;
    %store/vec4 v0x5636887b0440_0, 0, 32;
    %pushi/vec4 0, 0, 32;
    %store/vec4 v0x5636887b0990_0, 0, 32;
    %pushi/vec4 0, 0, 2;
    %store/vec4 v0x5636887af7d0_0, 0, 2;
    %pushi/vec4 0, 0, 1;
    %store/vec4 v0x5636887ae7a0_0, 0, 1;
    %pushi/vec4 0, 0, 3;
    %store/vec4 v0x5636887ae340_0, 0, 3;
    %pushi/vec4 0, 0, 32;
    %store/vec4 v0x5636887aec60_0, 0, 32;
    %pushi/vec4 0, 0, 32;
    %store/vec4 v0x5636887af290_0, 0, 32;
    %pushi/vec4 0, 0, 32;
    %store/vec4 v0x5636887ae4d0_0, 0, 32;
    %pushi/vec4 0, 0, 5;
    %store/vec4 v0x5636887aed20_0, 0, 5;
    %pushi/vec4 0, 0, 5;
    %store/vec4 v0x5636887af370_0, 0, 5;
    %pushi/vec4 0, 0, 5;
    %store/vec4 v0x5636887ae9d0_0, 0, 5;
    %pushi/vec4 0, 0, 10;
    %store/vec4 v0x5636887afb20_0, 0, 10;
    %pushi/vec4 0, 0, 1;
    %store/vec4 v0x5636887ad010_0, 0, 1;
    %pushi/vec4 0, 0, 2;
    %store/vec4 v0x5636887ad820_0, 0, 2;
    %pushi/vec4 0, 0, 32;
    %store/vec4 v0x5636887acd50_0, 0, 32;
    %pushi/vec4 0, 0, 32;
    %store/vec4 v0x5636887ad580_0, 0, 32;
    %pushi/vec4 0, 0, 5;
    %store/vec4 v0x5636887ad2e0_0, 0, 5;
    %pushi/vec4 0, 0, 2;
    %store/vec4 v0x5636887b3930_0, 0, 2;
    %pushi/vec4 0, 0, 32;
    %store/vec4 v0x5636887b32a0_0, 0, 32;
    %pushi/vec4 0, 0, 32;
    %store/vec4 v0x5636887b2ff0_0, 0, 32;
    %pushi/vec4 0, 0, 5;
    %store/vec4 v0x5636887b3610_0, 0, 5;
    %vpi_call 2 74 "$readmemb", "../testdata/instruction.txt", v0x5636887b2c20 {0 0 0};
    %vpi_func 2 77 "$fopen" 32, "../testdata/output.txt" {0 0 0};
    %pushi/vec4 1, 0, 32;
    %or;
    %store/vec4 v0x5636887c3600_0, 0, 32;
    %pushi/vec4 5, 0, 32;
    %ix/load 4, 0, 0;
    %flag_set/imm 4, 0;
    %store/vec4a v0x5636887ac910, 4, 0;
    %pushi/vec4 1, 0, 1;
    %store/vec4 v0x5636887c31a0_0, 0, 1;
    %pushi/vec4 0, 0, 1;
    %store/vec4 v0x5636887c3240_0, 0, 1;
    %delay 12, 0;
    %pushi/vec4 1, 0, 1;
    %store/vec4 v0x5636887c3240_0, 0, 1;
    %end;
    .thread T_8;
    .scope S_0x563688780a10;
T_9 ;
    %wait E_0x5636886d97a0;
    %load/vec4 v0x5636887c3350_0;
    %cmpi/e 30, 0, 32;
    %jmp/0xz  T_9.0, 4;
    %vpi_call 2 96 "$finish" {0 0 0};
T_9.0 ;
    %load/vec4 v0x5636887c01f0_0;
    %pad/u 32;
    %cmpi/e 1, 0, 32;
    %jmp/0xz  T_9.2, 4;
    %load/vec4 v0x5636887c36e0_0;
    %addi 1, 0, 32;
    %store/vec4 v0x5636887c36e0_0, 0, 32;
T_9.2 ;
    %load/vec4 v0x5636887badd0_0;
    %pad/u 32;
    %cmpi/e 1, 0, 32;
    %jmp/0xz  T_9.4, 4;
    %load/vec4 v0x5636887c33f0_0;
    %addi 1, 0, 32;
    %store/vec4 v0x5636887c33f0_0, 0, 32;
T_9.4 ;
    %vpi_call 2 104 "$fdisplay", v0x5636887c3600_0, "cycle = %d, Start = %d, Stall = %d, Flush = %d\012PC = %d", v0x5636887c3350_0, v0x5636887c3240_0, v0x5636887c36e0_0, v0x5636887c33f0_0, v0x5636887b51f0_0 {0 0 0};
    %vpi_call 2 107 "$fdisplay", v0x5636887c3600_0, "Registers" {0 0 0};
    %vpi_call 2 108 "$fdisplay", v0x5636887c3600_0, "x0 = %d, x8  = %d, x16 = %d, x24 = %d", &A<v0x5636887b7ad0, 0>, &A<v0x5636887b7ad0, 8>, &A<v0x5636887b7ad0, 16>, &A<v0x5636887b7ad0, 24> {0 0 0};
    %vpi_call 2 109 "$fdisplay", v0x5636887c3600_0, "x1 = %d, x9  = %d, x17 = %d, x25 = %d", &A<v0x5636887b7ad0, 1>, &A<v0x5636887b7ad0, 9>, &A<v0x5636887b7ad0, 17>, &A<v0x5636887b7ad0, 25> {0 0 0};
    %vpi_call 2 110 "$fdisplay", v0x5636887c3600_0, "x2 = %d, x10 = %d, x18 = %d, x26 = %d", &A<v0x5636887b7ad0, 2>, &A<v0x5636887b7ad0, 10>, &A<v0x5636887b7ad0, 18>, &A<v0x5636887b7ad0, 26> {0 0 0};
    %vpi_call 2 111 "$fdisplay", v0x5636887c3600_0, "x3 = %d, x11 = %d, x19 = %d, x27 = %d", &A<v0x5636887b7ad0, 3>, &A<v0x5636887b7ad0, 11>, &A<v0x5636887b7ad0, 19>, &A<v0x5636887b7ad0, 27> {0 0 0};
    %vpi_call 2 112 "$fdisplay", v0x5636887c3600_0, "x4 = %d, x12 = %d, x20 = %d, x28 = %d", &A<v0x5636887b7ad0, 4>, &A<v0x5636887b7ad0, 12>, &A<v0x5636887b7ad0, 20>, &A<v0x5636887b7ad0, 28> {0 0 0};
    %vpi_call 2 113 "$fdisplay", v0x5636887c3600_0, "x5 = %d, x13 = %d, x21 = %d, x29 = %d", &A<v0x5636887b7ad0, 5>, &A<v0x5636887b7ad0, 13>, &A<v0x5636887b7ad0, 21>, &A<v0x5636887b7ad0, 29> {0 0 0};
    %vpi_call 2 114 "$fdisplay", v0x5636887c3600_0, "x6 = %d, x14 = %d, x22 = %d, x30 = %d", &A<v0x5636887b7ad0, 6>, &A<v0x5636887b7ad0, 14>, &A<v0x5636887b7ad0, 22>, &A<v0x5636887b7ad0, 30> {0 0 0};
    %vpi_call 2 115 "$fdisplay", v0x5636887c3600_0, "x7 = %d, x15 = %d, x23 = %d, x31 = %d", &A<v0x5636887b7ad0, 7>, &A<v0x5636887b7ad0, 15>, &A<v0x5636887b7ad0, 23>, &A<v0x5636887b7ad0, 31> {0 0 0};
    %ix/load 4, 3, 0;
    %flag_set/imm 4, 0;
    %load/vec4a v0x5636887ac910, 4;
    %ix/load 4, 2, 0;
    %flag_set/imm 4, 0;
    %load/vec4a v0x5636887ac910, 4;
    %concat/vec4; draw_concat_vec4
    %ix/load 4, 1, 0;
    %flag_set/imm 4, 0;
    %load/vec4a v0x5636887ac910, 4;
    %concat/vec4; draw_concat_vec4
    %ix/load 4, 0, 0;
    %flag_set/imm 4, 0;
    %load/vec4a v0x5636887ac910, 4;
    %concat/vec4; draw_concat_vec4
    %vpi_call 2 118 "$fdisplay", v0x5636887c3600_0, "Data Memory: 0x00 = %10d", S<0,vec4,u128> {1 0 0};
    %ix/load 4, 7, 0;
    %flag_set/imm 4, 0;
    %load/vec4a v0x5636887ac910, 4;
    %ix/load 4, 6, 0;
    %flag_set/imm 4, 0;
    %load/vec4a v0x5636887ac910, 4;
    %concat/vec4; draw_concat_vec4
    %ix/load 4, 5, 0;
    %flag_set/imm 4, 0;
    %load/vec4a v0x5636887ac910, 4;
    %concat/vec4; draw_concat_vec4
    %ix/load 4, 4, 0;
    %flag_set/imm 4, 0;
    %load/vec4a v0x5636887ac910, 4;
    %concat/vec4; draw_concat_vec4
    %vpi_call 2 119 "$fdisplay", v0x5636887c3600_0, "Data Memory: 0x04 = %10d", S<0,vec4,u128> {1 0 0};
    %ix/load 4, 11, 0;
    %flag_set/imm 4, 0;
    %load/vec4a v0x5636887ac910, 4;
    %ix/load 4, 10, 0;
    %flag_set/imm 4, 0;
    %load/vec4a v0x5636887ac910, 4;
    %concat/vec4; draw_concat_vec4
    %ix/load 4, 9, 0;
    %flag_set/imm 4, 0;
    %load/vec4a v0x5636887ac910, 4;
    %concat/vec4; draw_concat_vec4
    %ix/load 4, 8, 0;
    %flag_set/imm 4, 0;
    %load/vec4a v0x5636887ac910, 4;
    %concat/vec4; draw_concat_vec4
    %vpi_call 2 120 "$fdisplay", v0x5636887c3600_0, "Data Memory: 0x08 = %10d", S<0,vec4,u128> {1 0 0};
    %ix/load 4, 15, 0;
    %flag_set/imm 4, 0;
    %load/vec4a v0x5636887ac910, 4;
    %ix/load 4, 14, 0;
    %flag_set/imm 4, 0;
    %load/vec4a v0x5636887ac910, 4;
    %concat/vec4; draw_concat_vec4
    %ix/load 4, 13, 0;
    %flag_set/imm 4, 0;
    %load/vec4a v0x5636887ac910, 4;
    %concat/vec4; draw_concat_vec4
    %ix/load 4, 12, 0;
    %flag_set/imm 4, 0;
    %load/vec4a v0x5636887ac910, 4;
    %concat/vec4; draw_concat_vec4
    %vpi_call 2 121 "$fdisplay", v0x5636887c3600_0, "Data Memory: 0x0c = %10d", S<0,vec4,u128> {1 0 0};
    %ix/load 4, 19, 0;
    %flag_set/imm 4, 0;
    %load/vec4a v0x5636887ac910, 4;
    %ix/load 4, 18, 0;
    %flag_set/imm 4, 0;
    %load/vec4a v0x5636887ac910, 4;
    %concat/vec4; draw_concat_vec4
    %ix/load 4, 17, 0;
    %flag_set/imm 4, 0;
    %load/vec4a v0x5636887ac910, 4;
    %concat/vec4; draw_concat_vec4
    %ix/load 4, 16, 0;
    %flag_set/imm 4, 0;
    %load/vec4a v0x5636887ac910, 4;
    %concat/vec4; draw_concat_vec4
    %vpi_call 2 122 "$fdisplay", v0x5636887c3600_0, "Data Memory: 0x10 = %10d", S<0,vec4,u128> {1 0 0};
    %ix/load 4, 23, 0;
    %flag_set/imm 4, 0;
    %load/vec4a v0x5636887ac910, 4;
    %ix/load 4, 22, 0;
    %flag_set/imm 4, 0;
    %load/vec4a v0x5636887ac910, 4;
    %concat/vec4; draw_concat_vec4
    %ix/load 4, 21, 0;
    %flag_set/imm 4, 0;
    %load/vec4a v0x5636887ac910, 4;
    %concat/vec4; draw_concat_vec4
    %ix/load 4, 20, 0;
    %flag_set/imm 4, 0;
    %load/vec4a v0x5636887ac910, 4;
    %concat/vec4; draw_concat_vec4
    %vpi_call 2 123 "$fdisplay", v0x5636887c3600_0, "Data Memory: 0x14 = %10d", S<0,vec4,u128> {1 0 0};
    %ix/load 4, 27, 0;
    %flag_set/imm 4, 0;
    %load/vec4a v0x5636887ac910, 4;
    %ix/load 4, 26, 0;
    %flag_set/imm 4, 0;
    %load/vec4a v0x5636887ac910, 4;
    %concat/vec4; draw_concat_vec4
    %ix/load 4, 25, 0;
    %flag_set/imm 4, 0;
    %load/vec4a v0x5636887ac910, 4;
    %concat/vec4; draw_concat_vec4
    %ix/load 4, 24, 0;
    %flag_set/imm 4, 0;
    %load/vec4a v0x5636887ac910, 4;
    %concat/vec4; draw_concat_vec4
    %vpi_call 2 124 "$fdisplay", v0x5636887c3600_0, "Data Memory: 0x18 = %10d", S<0,vec4,u128> {1 0 0};
    %ix/load 4, 31, 0;
    %flag_set/imm 4, 0;
    %load/vec4a v0x5636887ac910, 4;
    %ix/load 4, 30, 0;
    %flag_set/imm 4, 0;
    %load/vec4a v0x5636887ac910, 4;
    %concat/vec4; draw_concat_vec4
    %ix/load 4, 29, 0;
    %flag_set/imm 4, 0;
    %load/vec4a v0x5636887ac910, 4;
    %concat/vec4; draw_concat_vec4
    %ix/load 4, 28, 0;
    %flag_set/imm 4, 0;
    %load/vec4a v0x5636887ac910, 4;
    %concat/vec4; draw_concat_vec4
    %vpi_call 2 125 "$fdisplay", v0x5636887c3600_0, "Data Memory: 0x1c = %10d", S<0,vec4,u128> {1 0 0};
    %vpi_call 2 127 "$fdisplay", v0x5636887c3600_0, "\012" {0 0 0};
    %load/vec4 v0x5636887c3350_0;
    %addi 1, 0, 32;
    %store/vec4 v0x5636887c3350_0, 0, 32;
    %jmp T_9;
    .thread T_9;
# The file index is used to find the file name in the following table.
:file_names 24;
    "N/A";
    "<interactive>";
    "testbench.v";
    "CPU.v";
    "ALU.v";
    "ALU_Control.v";
    "MUX32.v";
    "Adder.v";
    "Data_Memory.v";
    "EX_MEM.v";
    "ID_EX.v";
    "IF_ID.v";
    "Sign_Extend.v";
    "Instruction_Memory.v";
    "MEM_WB.v";
    "MUX6.v";
    "PC.v";
    "Registers.v";
    "Control.v";
    "equal.v";
    "forward.v";
    "MUX3_1.v";
    "hazard_detection.v";
    "Shift_left.v";
